TpTrace Verbose: 0 : 18428, 1, 2024/04/02, 14:23:21.512, 984621351783, vstest.console.dll, Version: 17.7.1-release-23418-01 Current process architecture: X64
TpTrace Verbose: 0 : 18428, 1, 2024/04/02, 14:23:21.517, 984621407925, vstest.console.dll, Runtime location: C:\Program Files\dotnet\shared\Microsoft.NETCore.App\7.0.11
TpTrace Verbose: 0 : 18428, 1, 2024/04/02, 14:23:21.524, 984621473074, vstest.console.dll, ArtifactProcessingPostProcessModeProcessorExecutor.Initialize: ArtifactProcessingMode.Collect
TpTrace Verbose: 0 : 18428, 1, 2024/04/02, 14:23:21.524, 984621475440, vstest.console.dll, TestSessionCorrelationIdProcessorModeProcessorExecutor.Initialize: TestSessionCorrelationId '9600_d759bf8b-97a6-494c-a2a5-72672157d81f'
TpTrace Information: 0 : 18428, 1, 2024/04/02, 14:23:21.538, 984621610842, vstest.console.dll, FilePatternParser: The given file C:\Users\yahra\OneDrive\Рабочий стол\Test\TestingLab1\TestProjectLab1\bin\Debug\net7.0\fine-code-coverage\build-output\TestProjectLab1.dll is a full path.
TpTrace Verbose: 0 : 18428, 1, 2024/04/02, 14:23:21.555, 984621782482, vstest.console.dll, TestPluginCache.DiscoverTestExtensions: finding test extensions in assemblies ends with: RuntimeProvider.dll TPluginInfo: Microsoft.VisualStudio.TestPlatform.Common.ExtensionFramework.Utilities.TestRuntimePluginInformation TExtension: Microsoft.VisualStudio.TestPlatform.ObjectModel.Host.ITestRuntimeProvider
TpTrace Verbose: 0 : 18428, 1, 2024/04/02, 14:23:21.557, 984621804821, vstest.console.dll, TestPluginCache.GetExtensionPaths: Filtered extension paths: 
TpTrace Verbose: 0 : 18428, 1, 2024/04/02, 14:23:21.557, 984621807481, vstest.console.dll, TestPluginCache.GetExtensionPaths: Added default extension paths: C:\Program Files\dotnet\sdk\7.0.401\Extensions\Microsoft.Diagnostics.NETCore.Client.dll
C:\Program Files\dotnet\sdk\7.0.401\Extensions\Microsoft.TestPlatform.Extensions.BlameDataCollector.dll
C:\Program Files\dotnet\sdk\7.0.401\Extensions\Microsoft.TestPlatform.Extensions.EventLogCollector.dll
C:\Program Files\dotnet\sdk\7.0.401\Extensions\Microsoft.TestPlatform.TestHostRuntimeProvider.dll
C:\Program Files\dotnet\sdk\7.0.401\Extensions\Microsoft.VisualStudio.TestPlatform.Extensions.Html.TestLogger.dll
C:\Program Files\dotnet\sdk\7.0.401\Extensions\Microsoft.VisualStudio.TestPlatform.Extensions.Trx.TestLogger.dll
TpTrace Verbose: 0 : 18428, 1, 2024/04/02, 14:23:21.557, 984621808419, vstest.console.dll, TestPluginCache.GetExtensionPaths: Added unfilterableExtensionPaths: 
TpTrace Information: 0 : 18428, 1, 2024/04/02, 14:23:21.559, 984621822979, vstest.console.dll, AssemblyResolver.ctor: Creating AssemblyResolver with searchDirectories C:\Program Files\dotnet\sdk\7.0.401\Extensions,C:\Program Files\dotnet\sdk\7.0.401
TpTrace Verbose: 0 : 18428, 1, 2024/04/02, 14:23:21.560, 984621835081, vstest.console.dll, TestPluginCache.DiscoverTestExtensions: Discovering the extensions using extension path.
TpTrace Verbose: 0 : 18428, 1, 2024/04/02, 14:23:21.560, 984621837354, vstest.console.dll, TestPluginCache.GetExtensionPaths: Filtered extension paths: 
TpTrace Verbose: 0 : 18428, 1, 2024/04/02, 14:23:21.560, 984621838030, vstest.console.dll, TestPluginCache.GetExtensionPaths: Added default extension paths: C:\Program Files\dotnet\sdk\7.0.401\Extensions\Microsoft.Diagnostics.NETCore.Client.dll
C:\Program Files\dotnet\sdk\7.0.401\Extensions\Microsoft.TestPlatform.Extensions.BlameDataCollector.dll
C:\Program Files\dotnet\sdk\7.0.401\Extensions\Microsoft.TestPlatform.Extensions.EventLogCollector.dll
C:\Program Files\dotnet\sdk\7.0.401\Extensions\Microsoft.TestPlatform.TestHostRuntimeProvider.dll
C:\Program Files\dotnet\sdk\7.0.401\Extensions\Microsoft.VisualStudio.TestPlatform.Extensions.Html.TestLogger.dll
C:\Program Files\dotnet\sdk\7.0.401\Extensions\Microsoft.VisualStudio.TestPlatform.Extensions.Trx.TestLogger.dll
TpTrace Verbose: 0 : 18428, 1, 2024/04/02, 14:23:21.560, 984621838479, vstest.console.dll, TestPluginCache.GetExtensionPaths: Added unfilterableExtensionPaths: 
TpTrace Verbose: 0 : 18428, 1, 2024/04/02, 14:23:21.560, 984621839987, vstest.console.dll, TestPluginCache.DiscoverTestExtensions: Discovering the extensions using allExtensionPaths: C:\Program Files\dotnet\sdk\7.0.401\Extensions\Microsoft.Diagnostics.NETCore.Client.dll
C:\Program Files\dotnet\sdk\7.0.401\Extensions\Microsoft.TestPlatform.Extensions.BlameDataCollector.dll
C:\Program Files\dotnet\sdk\7.0.401\Extensions\Microsoft.TestPlatform.Extensions.EventLogCollector.dll
C:\Program Files\dotnet\sdk\7.0.401\Extensions\Microsoft.TestPlatform.TestHostRuntimeProvider.dll
C:\Program Files\dotnet\sdk\7.0.401\Extensions\Microsoft.VisualStudio.TestPlatform.Extensions.Html.TestLogger.dll
C:\Program Files\dotnet\sdk\7.0.401\Extensions\Microsoft.VisualStudio.TestPlatform.Extensions.Trx.TestLogger.dll
TpTrace Information: 0 : 18428, 1, 2024/04/02, 14:23:21.561, 984621842738, vstest.console.dll, AssemblyResolver.AddSearchDirectories: Adding more searchDirectories C:\Program Files\dotnet\sdk\7.0.401\Extensions,C:\Program Files\dotnet\sdk\7.0.401
TpTrace Information: 0 : 18428, 1, 2024/04/02, 14:23:21.561, 984621843899, vstest.console.dll, AssemblyResolver.AddSearchDirectories: Adding more searchDirectories C:\Program Files\dotnet\sdk\7.0.401\Extensions,C:\Program Files\dotnet\sdk\7.0.401
TpTrace Information: 0 : 18428, 1, 2024/04/02, 14:23:21.561, 984621844499, vstest.console.dll, AssemblyResolver.AddSearchDirectories: Adding more searchDirectories C:\Program Files\dotnet\sdk\7.0.401\Extensions,C:\Program Files\dotnet\sdk\7.0.401
TpTrace Information: 0 : 18428, 1, 2024/04/02, 14:23:21.561, 984621844972, vstest.console.dll, AssemblyResolver.AddSearchDirectories: Adding more searchDirectories C:\Program Files\dotnet\sdk\7.0.401\Extensions,C:\Program Files\dotnet\sdk\7.0.401
TpTrace Information: 0 : 18428, 1, 2024/04/02, 14:23:21.561, 984621845449, vstest.console.dll, AssemblyResolver.AddSearchDirectories: Adding more searchDirectories C:\Program Files\dotnet\sdk\7.0.401\Extensions,C:\Program Files\dotnet\sdk\7.0.401
TpTrace Information: 0 : 18428, 1, 2024/04/02, 14:23:21.561, 984621846023, vstest.console.dll, AssemblyResolver.AddSearchDirectories: Adding more searchDirectories C:\Program Files\dotnet\sdk\7.0.401\Extensions,C:\Program Files\dotnet\sdk\7.0.401
TpTrace Information: 0 : 18428, 1, 2024/04/02, 14:23:21.562, 984621851987, vstest.console.dll, AssemblyResolver.OnResolve: Microsoft.Diagnostics.NETCore.Client: Resolving assembly.
TpTrace Information: 0 : 18428, 1, 2024/04/02, 14:23:21.562, 984621853903, vstest.console.dll, AssemblyResolver.OnResolve: Microsoft.Diagnostics.NETCore.Client: Searching in: 'C:\Program Files\dotnet\sdk\7.0.401\Extensions'.
TpTrace Information: 0 : 18428, 1, 2024/04/02, 14:23:21.576, 984621993307, vstest.console.dll, AssemblyResolver.OnResolve: Microsoft.Diagnostics.NETCore.Client: Loading assembly 'C:\Program Files\dotnet\sdk\7.0.401\Extensions\Microsoft.Diagnostics.NETCore.Client.dll'.
TpTrace Information: 0 : 18428, 1, 2024/04/02, 14:23:21.579, 984622024116, vstest.console.dll, AssemblyResolver.OnResolve: Resolved assembly: Microsoft.Diagnostics.NETCore.Client, from path: C:\Program Files\dotnet\sdk\7.0.401\Extensions\Microsoft.Diagnostics.NETCore.Client.dll
TpTrace Verbose: 0 : 18428, 1, 2024/04/02, 14:23:21.581, 984622045679, vstest.console.dll, MetadataReaderExtensionsHelper: Discovering extensions inside assembly 'Microsoft.Diagnostics.NETCore.Client, Version=0.2.8.21101, Culture=neutral, PublicKeyToken=31bf3856ad364e35' file path 'C:\Program Files\dotnet\sdk\7.0.401\Extensions\Microsoft.Diagnostics.NETCore.Client.dll'
TpTrace Information: 0 : 18428, 1, 2024/04/02, 14:23:21.589, 984622121674, vstest.console.dll, AssemblyResolver.OnResolve: Microsoft.Bcl.AsyncInterfaces: Resolving assembly.
TpTrace Information: 0 : 18428, 1, 2024/04/02, 14:23:21.589, 984622123430, vstest.console.dll, AssemblyResolver.OnResolve: Microsoft.Bcl.AsyncInterfaces: Searching in: 'C:\Program Files\dotnet\sdk\7.0.401\Extensions'.
TpTrace Information: 0 : 18428, 1, 2024/04/02, 14:23:21.589, 984622124904, vstest.console.dll, AssemblyResolver.OnResolve: Microsoft.Bcl.AsyncInterfaces: Assembly path does not exist: 'C:\Program Files\dotnet\sdk\7.0.401\Extensions\Microsoft.Bcl.AsyncInterfaces.dll', returning.
TpTrace Information: 0 : 18428, 1, 2024/04/02, 14:23:21.589, 984622126877, vstest.console.dll, AssemblyResolver.OnResolve: Microsoft.Bcl.AsyncInterfaces: Assembly path does not exist: 'C:\Program Files\dotnet\sdk\7.0.401\Extensions\Microsoft.Bcl.AsyncInterfaces.exe', returning.
TpTrace Information: 0 : 18428, 1, 2024/04/02, 14:23:21.589, 984622127587, vstest.console.dll, AssemblyResolver.OnResolve: Microsoft.Bcl.AsyncInterfaces: Searching in: 'C:\Program Files\dotnet\sdk\7.0.401'.
TpTrace Information: 0 : 18428, 1, 2024/04/02, 14:23:21.589, 984622128909, vstest.console.dll, AssemblyResolver.OnResolve: Microsoft.Bcl.AsyncInterfaces: Assembly path does not exist: 'C:\Program Files\dotnet\sdk\7.0.401\Microsoft.Bcl.AsyncInterfaces.dll', returning.
TpTrace Information: 0 : 18428, 1, 2024/04/02, 14:23:21.589, 984622129940, vstest.console.dll, AssemblyResolver.OnResolve: Microsoft.Bcl.AsyncInterfaces: Assembly path does not exist: 'C:\Program Files\dotnet\sdk\7.0.401\Microsoft.Bcl.AsyncInterfaces.exe', returning.
TpTrace Information: 0 : 18428, 1, 2024/04/02, 14:23:21.590, 984622130529, vstest.console.dll, AssemblyResolver.OnResolve: Microsoft.Bcl.AsyncInterfaces: Failed to load assembly.
TpTrace Verbose: 0 : 18428, 1, 2024/04/02, 14:23:21.590, 984622131098, vstest.console.dll, CurrentDomainAssemblyResolve: Resolving assembly 'Microsoft.Bcl.AsyncInterfaces'.
TpTrace Information: 0 : 18428, 1, 2024/04/02, 14:23:21.590, 984622132118, vstest.console.dll, AssemblyResolver.OnResolve: Microsoft.Bcl.AsyncInterfaces: Resolving assembly.
TpTrace Information: 0 : 18428, 1, 2024/04/02, 14:23:21.590, 984622132936, vstest.console.dll, AssemblyResolver.OnResolve: Microsoft.Bcl.AsyncInterfaces: Resolved from cache.
TpTrace Verbose: 0 : 18428, 1, 2024/04/02, 14:23:21.590, 984622133394, vstest.console.dll, CurrentDomainAssemblyResolve: Resolving assembly 'Microsoft.Bcl.AsyncInterfaces'.
TpTrace Verbose: 0 : 18428, 1, 2024/04/02, 14:23:21.590, 984622134002, vstest.console.dll, CurrentDomainAssemblyResolve: Failed to resolve assembly 'Microsoft.Bcl.AsyncInterfaces'.
TpTrace Verbose: 0 : 18428, 1, 2024/04/02, 14:23:21.600, 984622233128, vstest.console.dll, CurrentDomainAssemblyResolve: Failed to resolve assembly 'Microsoft.Bcl.AsyncInterfaces'.
TpTrace Warning: 0 : 18428, 1, 2024/04/02, 14:23:21.624, 984622480497, vstest.console.dll, TestPluginDiscoverer: Failed to get types from assembly 'Microsoft.Diagnostics.NETCore.Client, Version=0.2.8.21101, Culture=neutral, PublicKeyToken=31bf3856ad364e35'. Error: System.Reflection.ReflectionTypeLoadException: Unable to load one or more of the requested types.
Could not load file or assembly 'Microsoft.Bcl.AsyncInterfaces, Version=1.0.0.0, Culture=neutral, PublicKeyToken=cc7b13ffcd2ddd51'. Не удается найти указанный файл.
   at System.Reflection.RuntimeModule.GetTypes(RuntimeModule module)
   at System.Reflection.Assembly.GetTypes()
   at Microsoft.VisualStudio.TestPlatform.Common.ExtensionFramework.TestPluginDiscoverer.GetTestExtensionsFromAssembly[TPluginInfo,TExtension](Assembly assembly, Dictionary`2 pluginInfos, String filePath) in /_/src/Microsoft.TestPlatform.Common/ExtensionFramework/TestPluginDiscoverer.cs:line 158
System.IO.FileNotFoundException: Could not load file or assembly 'Microsoft.Bcl.AsyncInterfaces, Version=1.0.0.0, Culture=neutral, PublicKeyToken=cc7b13ffcd2ddd51'. Не удается найти указанный файл.
File name: 'Microsoft.Bcl.AsyncInterfaces, Version=1.0.0.0, Culture=neutral, PublicKeyToken=cc7b13ffcd2ddd51'
 ---> System.IO.FileNotFoundException: Could not load file or assembly 'Microsoft.Bcl.AsyncInterfaces, Culture=neutral, PublicKeyToken=null'. Не удается найти указанный файл.
File name: 'Microsoft.Bcl.AsyncInterfaces, Culture=neutral, PublicKeyToken=null'
   at System.Reflection.RuntimeAssembly.InternalLoad(AssemblyName assemblyName, StackCrawlMark& stackMark, AssemblyLoadContext assemblyLoadContext, RuntimeAssembly requestingAssembly, Boolean throwOnFileNotFound)
   at System.Reflection.Assembly.Load(AssemblyName assemblyRef)
   at Microsoft.VisualStudio.TestPlatform.Common.ExtensionFramework.TestPluginCache.CurrentDomainAssemblyResolve(Object sender, AssemblyResolveEventArgs args) in /_/src/Microsoft.TestPlatform.Common/ExtensionFramework/TestPluginCache.cs:line 513
   at System.Runtime.Loader.AssemblyLoadContext.GetFirstResolvedAssemblyFromResolvingEvent(AssemblyName assemblyName)
   at System.Runtime.Loader.AssemblyLoadContext.ResolveUsingEvent(AssemblyName assemblyName)
   at System.Runtime.Loader.AssemblyLoadContext.ResolveUsingResolvingEvent(IntPtr gchManagedAssemblyLoadContext, AssemblyName assemblyName)
TpTrace Warning: 0 : 18428, 1, 2024/04/02, 14:23:21.625, 984622487839, vstest.console.dll, LoaderExceptions: System.IO.FileNotFoundException: Could not load file or assembly 'Microsoft.Bcl.AsyncInterfaces, Version=1.0.0.0, Culture=neutral, PublicKeyToken=cc7b13ffcd2ddd51'. Не удается найти указанный файл.
File name: 'Microsoft.Bcl.AsyncInterfaces, Version=1.0.0.0, Culture=neutral, PublicKeyToken=cc7b13ffcd2ddd51'
 ---> System.IO.FileNotFoundException: Could not load file or assembly 'Microsoft.Bcl.AsyncInterfaces, Culture=neutral, PublicKeyToken=null'. Не удается найти указанный файл.
File name: 'Microsoft.Bcl.AsyncInterfaces, Culture=neutral, PublicKeyToken=null'
   at System.Reflection.RuntimeAssembly.InternalLoad(AssemblyName assemblyName, StackCrawlMark& stackMark, AssemblyLoadContext assemblyLoadContext, RuntimeAssembly requestingAssembly, Boolean throwOnFileNotFound)
   at System.Reflection.Assembly.Load(AssemblyName assemblyRef)
   at Microsoft.VisualStudio.TestPlatform.Common.ExtensionFramework.TestPluginCache.CurrentDomainAssemblyResolve(Object sender, AssemblyResolveEventArgs args) in /_/src/Microsoft.TestPlatform.Common/ExtensionFramework/TestPluginCache.cs:line 513
   at System.Runtime.Loader.AssemblyLoadContext.GetFirstResolvedAssemblyFromResolvingEvent(AssemblyName assemblyName)
   at System.Runtime.Loader.AssemblyLoadContext.ResolveUsingEvent(AssemblyName assemblyName)
   at System.Runtime.Loader.AssemblyLoadContext.ResolveUsingResolvingEvent(IntPtr gchManagedAssemblyLoadContext, AssemblyName assemblyName)
TpTrace Information: 0 : 18428, 1, 2024/04/02, 14:23:21.626, 984622490571, vstest.console.dll, AssemblyResolver.OnResolve: Microsoft.TestPlatform.Extensions.BlameDataCollector: Resolving assembly.
TpTrace Information: 0 : 18428, 1, 2024/04/02, 14:23:21.626, 984622491799, vstest.console.dll, AssemblyResolver.OnResolve: Microsoft.TestPlatform.Extensions.BlameDataCollector: Searching in: 'C:\Program Files\dotnet\sdk\7.0.401\Extensions'.
TpTrace Information: 0 : 18428, 1, 2024/04/02, 14:23:21.628, 984622511411, vstest.console.dll, AssemblyResolver.OnResolve: Microsoft.TestPlatform.Extensions.BlameDataCollector: Loading assembly 'C:\Program Files\dotnet\sdk\7.0.401\Extensions\Microsoft.TestPlatform.Extensions.BlameDataCollector.dll'.
TpTrace Information: 0 : 18428, 1, 2024/04/02, 14:23:21.629, 984622527866, vstest.console.dll, AssemblyResolver.OnResolve: Resolved assembly: Microsoft.TestPlatform.Extensions.BlameDataCollector, from path: C:\Program Files\dotnet\sdk\7.0.401\Extensions\Microsoft.TestPlatform.Extensions.BlameDataCollector.dll
TpTrace Verbose: 0 : 18428, 1, 2024/04/02, 14:23:21.629, 984622530088, vstest.console.dll, MetadataReaderExtensionsHelper: Discovering extensions inside assembly 'Microsoft.TestPlatform.Extensions.BlameDataCollector, Version=15.0.0.0, Culture=neutral, PublicKeyToken=b03f5f7f11d50a3a' file path 'C:\Program Files\dotnet\sdk\7.0.401\Extensions\Microsoft.TestPlatform.Extensions.BlameDataCollector.dll'
TpTrace Information: 0 : 18428, 1, 2024/04/02, 14:23:21.633, 984622569359, vstest.console.dll, AssemblyResolver.OnResolve: Microsoft.TestPlatform.Extensions.EventLogCollector: Resolving assembly.
TpTrace Information: 0 : 18428, 1, 2024/04/02, 14:23:21.634, 984622570857, vstest.console.dll, AssemblyResolver.OnResolve: Microsoft.TestPlatform.Extensions.EventLogCollector: Searching in: 'C:\Program Files\dotnet\sdk\7.0.401\Extensions'.
TpTrace Information: 0 : 18428, 1, 2024/04/02, 14:23:21.635, 984622583843, vstest.console.dll, AssemblyResolver.OnResolve: Microsoft.TestPlatform.Extensions.EventLogCollector: Loading assembly 'C:\Program Files\dotnet\sdk\7.0.401\Extensions\Microsoft.TestPlatform.Extensions.EventLogCollector.dll'.
TpTrace Information: 0 : 18428, 1, 2024/04/02, 14:23:21.636, 984622593011, vstest.console.dll, AssemblyResolver.OnResolve: Resolved assembly: Microsoft.TestPlatform.Extensions.EventLogCollector, from path: C:\Program Files\dotnet\sdk\7.0.401\Extensions\Microsoft.TestPlatform.Extensions.EventLogCollector.dll
TpTrace Verbose: 0 : 18428, 1, 2024/04/02, 14:23:21.636, 984622594345, vstest.console.dll, MetadataReaderExtensionsHelper: Discovering extensions inside assembly 'Microsoft.TestPlatform.Extensions.EventLogCollector, Version=15.0.0.0, Culture=neutral, PublicKeyToken=b03f5f7f11d50a3a' file path 'C:\Program Files\dotnet\sdk\7.0.401\Extensions\Microsoft.TestPlatform.Extensions.EventLogCollector.dll'
TpTrace Information: 0 : 18428, 1, 2024/04/02, 14:23:21.641, 984622641589, vstest.console.dll, AssemblyResolver.OnResolve: Microsoft.TestPlatform.TestHostRuntimeProvider: Resolving assembly.
TpTrace Information: 0 : 18428, 1, 2024/04/02, 14:23:21.641, 984622643131, vstest.console.dll, AssemblyResolver.OnResolve: Microsoft.TestPlatform.TestHostRuntimeProvider: Searching in: 'C:\Program Files\dotnet\sdk\7.0.401\Extensions'.
TpTrace Information: 0 : 18428, 1, 2024/04/02, 14:23:21.642, 984622652009, vstest.console.dll, AssemblyResolver.OnResolve: Microsoft.TestPlatform.TestHostRuntimeProvider: Loading assembly 'C:\Program Files\dotnet\sdk\7.0.401\Extensions\Microsoft.TestPlatform.TestHostRuntimeProvider.dll'.
TpTrace Information: 0 : 18428, 1, 2024/04/02, 14:23:21.643, 984622665312, vstest.console.dll, AssemblyResolver.OnResolve: Resolved assembly: Microsoft.TestPlatform.TestHostRuntimeProvider, from path: C:\Program Files\dotnet\sdk\7.0.401\Extensions\Microsoft.TestPlatform.TestHostRuntimeProvider.dll
TpTrace Verbose: 0 : 18428, 1, 2024/04/02, 14:23:21.643, 984622666929, vstest.console.dll, MetadataReaderExtensionsHelper: Discovering extensions inside assembly 'Microsoft.TestPlatform.TestHostRuntimeProvider, Version=15.0.0.0, Culture=neutral, PublicKeyToken=b03f5f7f11d50a3a' file path 'C:\Program Files\dotnet\sdk\7.0.401\Extensions\Microsoft.TestPlatform.TestHostRuntimeProvider.dll'
TpTrace Information: 0 : 18428, 1, 2024/04/02, 14:23:21.647, 984622707989, vstest.console.dll, GetTestExtensionFromType: Register extension with identifier data 'HostProvider://DefaultTestHost' and type 'Microsoft.VisualStudio.TestPlatform.CrossPlatEngine.Hosting.DefaultTestHostManager, Microsoft.TestPlatform.TestHostRuntimeProvider, Version=15.0.0.0, Culture=neutral, PublicKeyToken=b03f5f7f11d50a3a' inside file 'C:\Program Files\dotnet\sdk\7.0.401\Extensions\Microsoft.TestPlatform.TestHostRuntimeProvider.dll'
TpTrace Information: 0 : 18428, 1, 2024/04/02, 14:23:21.648, 984622713099, vstest.console.dll, GetTestExtensionFromType: Register extension with identifier data 'HostProvider://DotnetTestHost' and type 'Microsoft.VisualStudio.TestPlatform.CrossPlatEngine.Hosting.DotnetTestHostManager, Microsoft.TestPlatform.TestHostRuntimeProvider, Version=15.0.0.0, Culture=neutral, PublicKeyToken=b03f5f7f11d50a3a' inside file 'C:\Program Files\dotnet\sdk\7.0.401\Extensions\Microsoft.TestPlatform.TestHostRuntimeProvider.dll'
TpTrace Information: 0 : 18428, 1, 2024/04/02, 14:23:21.648, 984622714438, vstest.console.dll, AssemblyResolver.OnResolve: Microsoft.VisualStudio.TestPlatform.Extensions.Html.TestLogger: Resolving assembly.
TpTrace Information: 0 : 18428, 1, 2024/04/02, 14:23:21.648, 984622715256, vstest.console.dll, AssemblyResolver.OnResolve: Microsoft.VisualStudio.TestPlatform.Extensions.Html.TestLogger: Searching in: 'C:\Program Files\dotnet\sdk\7.0.401\Extensions'.
TpTrace Information: 0 : 18428, 1, 2024/04/02, 14:23:21.649, 984622726295, vstest.console.dll, AssemblyResolver.OnResolve: Microsoft.VisualStudio.TestPlatform.Extensions.Html.TestLogger: Loading assembly 'C:\Program Files\dotnet\sdk\7.0.401\Extensions\Microsoft.VisualStudio.TestPlatform.Extensions.Html.TestLogger.dll'.
TpTrace Information: 0 : 18428, 1, 2024/04/02, 14:23:21.650, 984622736673, vstest.console.dll, AssemblyResolver.OnResolve: Resolved assembly: Microsoft.VisualStudio.TestPlatform.Extensions.Html.TestLogger, from path: C:\Program Files\dotnet\sdk\7.0.401\Extensions\Microsoft.VisualStudio.TestPlatform.Extensions.Html.TestLogger.dll
TpTrace Verbose: 0 : 18428, 1, 2024/04/02, 14:23:21.650, 984622738080, vstest.console.dll, MetadataReaderExtensionsHelper: Discovering extensions inside assembly 'Microsoft.VisualStudio.TestPlatform.Extensions.Html.TestLogger, Version=15.0.0.0, Culture=neutral, PublicKeyToken=b03f5f7f11d50a3a' file path 'C:\Program Files\dotnet\sdk\7.0.401\Extensions\Microsoft.VisualStudio.TestPlatform.Extensions.Html.TestLogger.dll'
TpTrace Information: 0 : 18428, 1, 2024/04/02, 14:23:21.652, 984622755494, vstest.console.dll, AssemblyResolver.OnResolve: Microsoft.VisualStudio.TestPlatform.Extensions.Trx.TestLogger: Resolving assembly.
TpTrace Information: 0 : 18428, 1, 2024/04/02, 14:23:21.652, 984622756830, vstest.console.dll, AssemblyResolver.OnResolve: Microsoft.VisualStudio.TestPlatform.Extensions.Trx.TestLogger: Searching in: 'C:\Program Files\dotnet\sdk\7.0.401\Extensions'.
TpTrace Information: 0 : 18428, 1, 2024/04/02, 14:23:21.654, 984622778570, vstest.console.dll, AssemblyResolver.OnResolve: Microsoft.VisualStudio.TestPlatform.Extensions.Trx.TestLogger: Loading assembly 'C:\Program Files\dotnet\sdk\7.0.401\Extensions\Microsoft.VisualStudio.TestPlatform.Extensions.Trx.TestLogger.dll'.
TpTrace Information: 0 : 18428, 1, 2024/04/02, 14:23:21.657, 984622801448, vstest.console.dll, AssemblyResolver.OnResolve: Resolved assembly: Microsoft.VisualStudio.TestPlatform.Extensions.Trx.TestLogger, from path: C:\Program Files\dotnet\sdk\7.0.401\Extensions\Microsoft.VisualStudio.TestPlatform.Extensions.Trx.TestLogger.dll
TpTrace Verbose: 0 : 18428, 1, 2024/04/02, 14:23:21.657, 984622803627, vstest.console.dll, MetadataReaderExtensionsHelper: Discovering extensions inside assembly 'Microsoft.VisualStudio.TestPlatform.Extensions.Trx.TestLogger, Version=15.0.0.0, Culture=neutral, PublicKeyToken=b03f5f7f11d50a3a' file path 'C:\Program Files\dotnet\sdk\7.0.401\Extensions\Microsoft.VisualStudio.TestPlatform.Extensions.Trx.TestLogger.dll'
TpTrace Verbose: 0 : 18428, 1, 2024/04/02, 14:23:21.660, 984622838072, vstest.console.dll, TestPluginCache: Discovered the extensions using extension path ''.
TpTrace Verbose: 0 : 18428, 1, 2024/04/02, 14:23:21.660, 984622839726, vstest.console.dll, TestPluginCache: Discoverers are ''.
TpTrace Verbose: 0 : 18428, 1, 2024/04/02, 14:23:21.661, 984622840565, vstest.console.dll, TestPluginCache: Executors are ''.
TpTrace Verbose: 0 : 18428, 1, 2024/04/02, 14:23:21.661, 984622841255, vstest.console.dll, TestPluginCache: Executors2 are ''.
TpTrace Verbose: 0 : 18428, 1, 2024/04/02, 14:23:21.661, 984622841909, vstest.console.dll, TestPluginCache: Setting providers are ''.
TpTrace Verbose: 0 : 18428, 1, 2024/04/02, 14:23:21.661, 984622842578, vstest.console.dll, TestPluginCache: Loggers are ''.
TpTrace Verbose: 0 : 18428, 1, 2024/04/02, 14:23:21.661, 984622845163, vstest.console.dll, TestPluginCache: TestHosts are 'HostProvider://DefaultTestHost,HostProvider://DotnetTestHost'.
TpTrace Verbose: 0 : 18428, 1, 2024/04/02, 14:23:21.661, 984622845999, vstest.console.dll, TestPluginCache: DataCollectors are ''.
TpTrace Information: 0 : 18428, 1, 2024/04/02, 14:23:21.695, 984623186146, vstest.console.dll, RunTestsArgumentProcessor:Execute: Test run is starting.
TpTrace Verbose: 0 : 18428, 1, 2024/04/02, 14:23:21.695, 984623187801, vstest.console.dll, RunTestsArgumentProcessor:Execute: Queuing Test run.
TpTrace Information: 0 : 18428, 1, 2024/04/02, 14:23:21.696, 984623192687, vstest.console.dll, TestRequestManager.RunTests: run tests started.
TpTrace Information: 0 : 18428, 1, 2024/04/02, 14:23:21.698, 984623215015, vstest.console.dll, AssemblyMetadataProvider.GetFrameworkName: Determined framework:'.NETCoreApp,Version=v7.0' for source: 'C:\Users\yahra\OneDrive\Рабочий стол\Test\TestingLab1\TestProjectLab1\bin\Debug\net7.0\fine-code-coverage\build-output\TestProjectLab1.dll'
TpTrace Information: 0 : 18428, 1, 2024/04/02, 14:23:21.698, 984623218459, vstest.console.dll, Determined framework for all sources: .NETCoreApp,Version=v7.0
TpTrace Verbose: 0 : 18428, 1, 2024/04/02, 14:23:21.699, 984623227220, vstest.console.dll, TestRequestManager.UpdateRunSettingsIfRequired: Default architecture: X64 IsDefaultTargetArchitecture: True, Current process architecture: X64 OperatingSystem: Windows.
TpTrace Information: 0 : 18428, 1, 2024/04/02, 14:23:21.702, 984623260294, vstest.console.dll, AssemblyMetadataProvider.GetArchitecture: Determined architecture:AnyCPU info for assembly: C:\Users\yahra\OneDrive\Рабочий стол\Test\TestingLab1\TestProjectLab1\bin\Debug\net7.0\fine-code-coverage\build-output\TestProjectLab1.dll
TpTrace Information: 0 : 18428, 1, 2024/04/02, 14:23:21.703, 984623261596, vstest.console.dll, Determined platform for source 'C:\Users\yahra\OneDrive\Рабочий стол\Test\TestingLab1\TestProjectLab1\bin\Debug\net7.0\fine-code-coverage\build-output\TestProjectLab1.dll' was AnyCPU and it will use the default plaform X64.
TpTrace Information: 0 : 18428, 1, 2024/04/02, 14:23:21.703, 984623262197, vstest.console.dll, None of the sources provided any runnable platform, using the default platform: X64
TpTrace Information: 0 : 18428, 1, 2024/04/02, 14:23:21.703, 984623263747, vstest.console.dll, Platform was updated to 'X64'.
TpTrace Information: 0 : 18428, 1, 2024/04/02, 14:23:21.712, 984623357023, vstest.console.dll, InferRunSettingsHelper.IsTestSettingsEnabled: Unable to navigate to RunSettings/MSTest. Current node: RunSettings
TpTrace Information: 0 : 18428, 1, 2024/04/02, 14:23:21.713, 984623369346, vstest.console.dll, AssemblyResolver.OnResolve: Microsoft.VisualStudio.TestPlatform.Fakes: Resolving assembly.
TpTrace Information: 0 : 18428, 1, 2024/04/02, 14:23:21.714, 984623370658, vstest.console.dll, AssemblyResolver.OnResolve: Microsoft.VisualStudio.TestPlatform.Fakes: Searching in: 'C:\Program Files\dotnet\sdk\7.0.401\Extensions'.
TpTrace Information: 0 : 18428, 1, 2024/04/02, 14:23:21.714, 984623372307, vstest.console.dll, AssemblyResolver.OnResolve: Microsoft.VisualStudio.TestPlatform.Fakes: Assembly path does not exist: 'C:\Program Files\dotnet\sdk\7.0.401\Extensions\Microsoft.VisualStudio.TestPlatform.Fakes.dll', returning.
TpTrace Information: 0 : 18428, 1, 2024/04/02, 14:23:21.714, 984623373458, vstest.console.dll, AssemblyResolver.OnResolve: Microsoft.VisualStudio.TestPlatform.Fakes: Assembly path does not exist: 'C:\Program Files\dotnet\sdk\7.0.401\Extensions\Microsoft.VisualStudio.TestPlatform.Fakes.exe', returning.
TpTrace Information: 0 : 18428, 1, 2024/04/02, 14:23:21.714, 984623374063, vstest.console.dll, AssemblyResolver.OnResolve: Microsoft.VisualStudio.TestPlatform.Fakes: Searching in: 'C:\Program Files\dotnet\sdk\7.0.401'.
TpTrace Information: 0 : 18428, 1, 2024/04/02, 14:23:21.714, 984623375142, vstest.console.dll, AssemblyResolver.OnResolve: Microsoft.VisualStudio.TestPlatform.Fakes: Assembly path does not exist: 'C:\Program Files\dotnet\sdk\7.0.401\Microsoft.VisualStudio.TestPlatform.Fakes.dll', returning.
TpTrace Information: 0 : 18428, 1, 2024/04/02, 14:23:21.714, 984623376202, vstest.console.dll, AssemblyResolver.OnResolve: Microsoft.VisualStudio.TestPlatform.Fakes: Assembly path does not exist: 'C:\Program Files\dotnet\sdk\7.0.401\Microsoft.VisualStudio.TestPlatform.Fakes.exe', returning.
TpTrace Information: 0 : 18428, 1, 2024/04/02, 14:23:21.714, 984623376783, vstest.console.dll, AssemblyResolver.OnResolve: Microsoft.VisualStudio.TestPlatform.Fakes: Failed to load assembly.
TpTrace Information: 0 : 18428, 1, 2024/04/02, 14:23:21.715, 984623381428, vstest.console.dll, Failed to load assembly Microsoft.VisualStudio.TestPlatform.Fakes, Version=17.0.0.0, Culture=neutral. Reason:System.IO.FileNotFoundException: Could not load file or assembly 'Microsoft.VisualStudio.TestPlatform.Fakes, Version=17.0.0.0, Culture=neutral, PublicKeyToken=null'. Не удается найти указанный файл.
File name: 'Microsoft.VisualStudio.TestPlatform.Fakes, Version=17.0.0.0, Culture=neutral, PublicKeyToken=null'
   at System.Reflection.RuntimeAssembly.InternalLoad(AssemblyName assemblyName, StackCrawlMark& stackMark, AssemblyLoadContext assemblyLoadContext, RuntimeAssembly requestingAssembly, Boolean throwOnFileNotFound)
   at System.Reflection.Assembly.Load(AssemblyName assemblyRef)
   at Microsoft.VisualStudio.TestPlatform.Common.Utilities.FakesUtilities.LoadTestPlatformAssembly() in /_/src/Microsoft.TestPlatform.Common/Utilities/FakesUtilities.cs:line 272
TpTrace Verbose: 0 : 18428, 1, 2024/04/02, 14:23:21.722, 984623460415, vstest.console.dll, TestPluginCache.DiscoverTestExtensions: finding test extensions in assemblies ends with: TestLogger.dll TPluginInfo: Microsoft.VisualStudio.TestPlatform.Common.ExtensionFramework.Utilities.TestLoggerPluginInformation TExtension: Microsoft.VisualStudio.TestPlatform.ObjectModel.Client.ITestLogger
TpTrace Verbose: 0 : 18428, 1, 2024/04/02, 14:23:21.723, 984623462203, vstest.console.dll, TestPluginCache.GetExtensionPaths: Filtered extension paths: 
TpTrace Verbose: 0 : 18428, 1, 2024/04/02, 14:23:21.723, 984623462778, vstest.console.dll, TestPluginCache.GetExtensionPaths: Added default extension paths: C:\Program Files\dotnet\sdk\7.0.401\Extensions\Microsoft.Diagnostics.NETCore.Client.dll
C:\Program Files\dotnet\sdk\7.0.401\Extensions\Microsoft.TestPlatform.Extensions.BlameDataCollector.dll
C:\Program Files\dotnet\sdk\7.0.401\Extensions\Microsoft.TestPlatform.Extensions.EventLogCollector.dll
C:\Program Files\dotnet\sdk\7.0.401\Extensions\Microsoft.TestPlatform.TestHostRuntimeProvider.dll
C:\Program Files\dotnet\sdk\7.0.401\Extensions\Microsoft.VisualStudio.TestPlatform.Extensions.Html.TestLogger.dll
C:\Program Files\dotnet\sdk\7.0.401\Extensions\Microsoft.VisualStudio.TestPlatform.Extensions.Trx.TestLogger.dll
TpTrace Verbose: 0 : 18428, 1, 2024/04/02, 14:23:21.723, 984623463273, vstest.console.dll, TestPluginCache.GetExtensionPaths: Added unfilterableExtensionPaths: 
TpTrace Information: 0 : 18428, 1, 2024/04/02, 14:23:21.723, 984623465551, vstest.console.dll, AssemblyResolver.AddSearchDirectories: Adding more searchDirectories C:\Program Files\dotnet\sdk\7.0.401\Extensions,C:\Program Files\dotnet\sdk\7.0.401
TpTrace Verbose: 0 : 18428, 1, 2024/04/02, 14:23:21.723, 984623466280, vstest.console.dll, TestPluginCache.DiscoverTestExtensions: Discovering the extensions using extension path.
TpTrace Verbose: 0 : 18428, 1, 2024/04/02, 14:23:21.723, 984623466949, vstest.console.dll, TestPluginCache.GetExtensionPaths: Filtered extension paths: 
TpTrace Verbose: 0 : 18428, 1, 2024/04/02, 14:23:21.723, 984623467375, vstest.console.dll, TestPluginCache.GetExtensionPaths: Added default extension paths: C:\Program Files\dotnet\sdk\7.0.401\Extensions\Microsoft.Diagnostics.NETCore.Client.dll
C:\Program Files\dotnet\sdk\7.0.401\Extensions\Microsoft.TestPlatform.Extensions.BlameDataCollector.dll
C:\Program Files\dotnet\sdk\7.0.401\Extensions\Microsoft.TestPlatform.Extensions.EventLogCollector.dll
C:\Program Files\dotnet\sdk\7.0.401\Extensions\Microsoft.TestPlatform.TestHostRuntimeProvider.dll
C:\Program Files\dotnet\sdk\7.0.401\Extensions\Microsoft.VisualStudio.TestPlatform.Extensions.Html.TestLogger.dll
C:\Program Files\dotnet\sdk\7.0.401\Extensions\Microsoft.VisualStudio.TestPlatform.Extensions.Trx.TestLogger.dll
TpTrace Verbose: 0 : 18428, 1, 2024/04/02, 14:23:21.723, 984623467876, vstest.console.dll, TestPluginCache.GetExtensionPaths: Added unfilterableExtensionPaths: 
TpTrace Verbose: 0 : 18428, 1, 2024/04/02, 14:23:21.723, 984623468311, vstest.console.dll, TestPluginCache.DiscoverTestExtensions: Discovering the extensions using allExtensionPaths: C:\Program Files\dotnet\sdk\7.0.401\Extensions\Microsoft.Diagnostics.NETCore.Client.dll
C:\Program Files\dotnet\sdk\7.0.401\Extensions\Microsoft.TestPlatform.Extensions.BlameDataCollector.dll
C:\Program Files\dotnet\sdk\7.0.401\Extensions\Microsoft.TestPlatform.Extensions.EventLogCollector.dll
C:\Program Files\dotnet\sdk\7.0.401\Extensions\Microsoft.TestPlatform.TestHostRuntimeProvider.dll
C:\Program Files\dotnet\sdk\7.0.401\Extensions\Microsoft.VisualStudio.TestPlatform.Extensions.Html.TestLogger.dll
C:\Program Files\dotnet\sdk\7.0.401\Extensions\Microsoft.VisualStudio.TestPlatform.Extensions.Trx.TestLogger.dll
TpTrace Information: 0 : 18428, 1, 2024/04/02, 14:23:21.723, 984623469105, vstest.console.dll, AssemblyResolver.AddSearchDirectories: Adding more searchDirectories C:\Program Files\dotnet\sdk\7.0.401\Extensions,C:\Program Files\dotnet\sdk\7.0.401
TpTrace Information: 0 : 18428, 1, 2024/04/02, 14:23:21.723, 984623469690, vstest.console.dll, AssemblyResolver.AddSearchDirectories: Adding more searchDirectories C:\Program Files\dotnet\sdk\7.0.401\Extensions,C:\Program Files\dotnet\sdk\7.0.401
TpTrace Information: 0 : 18428, 1, 2024/04/02, 14:23:21.723, 984623470501, vstest.console.dll, AssemblyResolver.AddSearchDirectories: Adding more searchDirectories C:\Program Files\dotnet\sdk\7.0.401\Extensions,C:\Program Files\dotnet\sdk\7.0.401
TpTrace Information: 0 : 18428, 1, 2024/04/02, 14:23:21.724, 984623471143, vstest.console.dll, AssemblyResolver.AddSearchDirectories: Adding more searchDirectories C:\Program Files\dotnet\sdk\7.0.401\Extensions,C:\Program Files\dotnet\sdk\7.0.401
TpTrace Information: 0 : 18428, 1, 2024/04/02, 14:23:21.724, 984623471714, vstest.console.dll, AssemblyResolver.AddSearchDirectories: Adding more searchDirectories C:\Program Files\dotnet\sdk\7.0.401\Extensions,C:\Program Files\dotnet\sdk\7.0.401
TpTrace Information: 0 : 18428, 1, 2024/04/02, 14:23:21.724, 984623472263, vstest.console.dll, AssemblyResolver.AddSearchDirectories: Adding more searchDirectories C:\Program Files\dotnet\sdk\7.0.401\Extensions,C:\Program Files\dotnet\sdk\7.0.401
TpTrace Verbose: 0 : 18428, 1, 2024/04/02, 14:23:21.724, 984623474397, vstest.console.dll, MetadataReaderExtensionsHelper: Discovering extensions inside assembly 'Microsoft.Diagnostics.NETCore.Client, Version=0.2.8.21101, Culture=neutral, PublicKeyToken=31bf3856ad364e35' file path 'C:\Program Files\dotnet\sdk\7.0.401\Extensions\Microsoft.Diagnostics.NETCore.Client.dll'
TpTrace Information: 0 : 18428, 1, 2024/04/02, 14:23:21.726, 984623491617, vstest.console.dll, AssemblyResolver.OnResolve: Microsoft.Bcl.AsyncInterfaces: Resolving assembly.
TpTrace Information: 0 : 18428, 1, 2024/04/02, 14:23:21.726, 984623492939, vstest.console.dll, AssemblyResolver.OnResolve: Microsoft.Bcl.AsyncInterfaces: Resolved from cache.
TpTrace Verbose: 0 : 18428, 1, 2024/04/02, 14:23:21.726, 984623493434, vstest.console.dll, CurrentDomainAssemblyResolve: Resolving assembly 'Microsoft.Bcl.AsyncInterfaces'.
TpTrace Information: 0 : 18428, 1, 2024/04/02, 14:23:21.726, 984623494328, vstest.console.dll, AssemblyResolver.OnResolve: Microsoft.Bcl.AsyncInterfaces: Resolving assembly.
TpTrace Information: 0 : 18428, 1, 2024/04/02, 14:23:21.726, 984623494811, vstest.console.dll, AssemblyResolver.OnResolve: Microsoft.Bcl.AsyncInterfaces: Resolved from cache.
TpTrace Verbose: 0 : 18428, 1, 2024/04/02, 14:23:21.726, 984623495212, vstest.console.dll, CurrentDomainAssemblyResolve: Resolving assembly 'Microsoft.Bcl.AsyncInterfaces'.
TpTrace Verbose: 0 : 18428, 1, 2024/04/02, 14:23:21.726, 984623495592, vstest.console.dll, CurrentDomainAssemblyResolve: Failed to resolve assembly 'Microsoft.Bcl.AsyncInterfaces'.
TpTrace Verbose: 0 : 18428, 1, 2024/04/02, 14:23:21.726, 984623497920, vstest.console.dll, CurrentDomainAssemblyResolve: Failed to resolve assembly 'Microsoft.Bcl.AsyncInterfaces'.
TpTrace Warning: 0 : 18428, 1, 2024/04/02, 14:23:21.727, 984623503731, vstest.console.dll, TestPluginDiscoverer: Failed to get types from assembly 'Microsoft.Diagnostics.NETCore.Client, Version=0.2.8.21101, Culture=neutral, PublicKeyToken=31bf3856ad364e35'. Error: System.Reflection.ReflectionTypeLoadException: Unable to load one or more of the requested types.
Could not load file or assembly 'Microsoft.Bcl.AsyncInterfaces, Version=1.0.0.0, Culture=neutral, PublicKeyToken=cc7b13ffcd2ddd51'. Не удается найти указанный файл.
   at System.Reflection.RuntimeModule.GetTypes(RuntimeModule module)
   at System.Reflection.Assembly.GetTypes()
   at Microsoft.VisualStudio.TestPlatform.Common.ExtensionFramework.TestPluginDiscoverer.GetTestExtensionsFromAssembly[TPluginInfo,TExtension](Assembly assembly, Dictionary`2 pluginInfos, String filePath) in /_/src/Microsoft.TestPlatform.Common/ExtensionFramework/TestPluginDiscoverer.cs:line 158
System.IO.FileNotFoundException: Could not load file or assembly 'Microsoft.Bcl.AsyncInterfaces, Version=1.0.0.0, Culture=neutral, PublicKeyToken=cc7b13ffcd2ddd51'. Не удается найти указанный файл.
File name: 'Microsoft.Bcl.AsyncInterfaces, Version=1.0.0.0, Culture=neutral, PublicKeyToken=cc7b13ffcd2ddd51'
 ---> System.IO.FileNotFoundException: Could not load file or assembly 'Microsoft.Bcl.AsyncInterfaces, Culture=neutral, PublicKeyToken=null'. Не удается найти указанный файл.
File name: 'Microsoft.Bcl.AsyncInterfaces, Culture=neutral, PublicKeyToken=null'
   at System.Reflection.RuntimeAssembly.InternalLoad(AssemblyName assemblyName, StackCrawlMark& stackMark, AssemblyLoadContext assemblyLoadContext, RuntimeAssembly requestingAssembly, Boolean throwOnFileNotFound)
   at System.Reflection.Assembly.Load(AssemblyName assemblyRef)
   at Microsoft.VisualStudio.TestPlatform.Common.ExtensionFramework.TestPluginCache.CurrentDomainAssemblyResolve(Object sender, AssemblyResolveEventArgs args) in /_/src/Microsoft.TestPlatform.Common/ExtensionFramework/TestPluginCache.cs:line 513
   at System.Runtime.Loader.AssemblyLoadContext.GetFirstResolvedAssemblyFromResolvingEvent(AssemblyName assemblyName)
   at System.Runtime.Loader.AssemblyLoadContext.ResolveUsingEvent(AssemblyName assemblyName)
   at System.Runtime.Loader.AssemblyLoadContext.ResolveUsingResolvingEvent(IntPtr gchManagedAssemblyLoadContext, AssemblyName assemblyName)
TpTrace Warning: 0 : 18428, 1, 2024/04/02, 14:23:21.727, 984623506325, vstest.console.dll, LoaderExceptions: System.IO.FileNotFoundException: Could not load file or assembly 'Microsoft.Bcl.AsyncInterfaces, Version=1.0.0.0, Culture=neutral, PublicKeyToken=cc7b13ffcd2ddd51'. Не удается найти указанный файл.
File name: 'Microsoft.Bcl.AsyncInterfaces, Version=1.0.0.0, Culture=neutral, PublicKeyToken=cc7b13ffcd2ddd51'
 ---> System.IO.FileNotFoundException: Could not load file or assembly 'Microsoft.Bcl.AsyncInterfaces, Culture=neutral, PublicKeyToken=null'. Не удается найти указанный файл.
File name: 'Microsoft.Bcl.AsyncInterfaces, Culture=neutral, PublicKeyToken=null'
   at System.Reflection.RuntimeAssembly.InternalLoad(AssemblyName assemblyName, StackCrawlMark& stackMark, AssemblyLoadContext assemblyLoadContext, RuntimeAssembly requestingAssembly, Boolean throwOnFileNotFound)
   at System.Reflection.Assembly.Load(AssemblyName assemblyRef)
   at Microsoft.VisualStudio.TestPlatform.Common.ExtensionFramework.TestPluginCache.CurrentDomainAssemblyResolve(Object sender, AssemblyResolveEventArgs args) in /_/src/Microsoft.TestPlatform.Common/ExtensionFramework/TestPluginCache.cs:line 513
   at System.Runtime.Loader.AssemblyLoadContext.GetFirstResolvedAssemblyFromResolvingEvent(AssemblyName assemblyName)
   at System.Runtime.Loader.AssemblyLoadContext.ResolveUsingEvent(AssemblyName assemblyName)
   at System.Runtime.Loader.AssemblyLoadContext.ResolveUsingResolvingEvent(IntPtr gchManagedAssemblyLoadContext, AssemblyName assemblyName)
TpTrace Verbose: 0 : 18428, 1, 2024/04/02, 14:23:21.727, 984623507859, vstest.console.dll, MetadataReaderExtensionsHelper: Discovering extensions inside assembly 'Microsoft.TestPlatform.Extensions.BlameDataCollector, Version=15.0.0.0, Culture=neutral, PublicKeyToken=b03f5f7f11d50a3a' file path 'C:\Program Files\dotnet\sdk\7.0.401\Extensions\Microsoft.TestPlatform.Extensions.BlameDataCollector.dll'
TpTrace Information: 0 : 18428, 1, 2024/04/02, 14:23:21.728, 984623519599, vstest.console.dll, GetTestExtensionFromType: Register extension with identifier data 'logger://Microsoft/TestPlatform/Extensions/Blame/v1' and type 'Microsoft.TestPlatform.Extensions.BlameDataCollector.BlameLogger, Microsoft.TestPlatform.Extensions.BlameDataCollector, Version=15.0.0.0, Culture=neutral, PublicKeyToken=b03f5f7f11d50a3a' inside file 'C:\Program Files\dotnet\sdk\7.0.401\Extensions\Microsoft.TestPlatform.Extensions.BlameDataCollector.dll'
TpTrace Verbose: 0 : 18428, 1, 2024/04/02, 14:23:21.729, 984623520640, vstest.console.dll, MetadataReaderExtensionsHelper: Discovering extensions inside assembly 'Microsoft.TestPlatform.Extensions.EventLogCollector, Version=15.0.0.0, Culture=neutral, PublicKeyToken=b03f5f7f11d50a3a' file path 'C:\Program Files\dotnet\sdk\7.0.401\Extensions\Microsoft.TestPlatform.Extensions.EventLogCollector.dll'
TpTrace Verbose: 0 : 18428, 1, 2024/04/02, 14:23:21.729, 984623529016, vstest.console.dll, MetadataReaderExtensionsHelper: Discovering extensions inside assembly 'Microsoft.TestPlatform.TestHostRuntimeProvider, Version=15.0.0.0, Culture=neutral, PublicKeyToken=b03f5f7f11d50a3a' file path 'C:\Program Files\dotnet\sdk\7.0.401\Extensions\Microsoft.TestPlatform.TestHostRuntimeProvider.dll'
TpTrace Verbose: 0 : 18428, 1, 2024/04/02, 14:23:21.730, 984623535931, vstest.console.dll, MetadataReaderExtensionsHelper: Discovering extensions inside assembly 'Microsoft.VisualStudio.TestPlatform.Extensions.Html.TestLogger, Version=15.0.0.0, Culture=neutral, PublicKeyToken=b03f5f7f11d50a3a' file path 'C:\Program Files\dotnet\sdk\7.0.401\Extensions\Microsoft.VisualStudio.TestPlatform.Extensions.Html.TestLogger.dll'
TpTrace Information: 0 : 18428, 1, 2024/04/02, 14:23:21.731, 984623547501, vstest.console.dll, GetTestExtensionFromType: Register extension with identifier data 'logger://Microsoft/TestPlatform/HtmlLogger/v1' and type 'Microsoft.VisualStudio.TestPlatform.Extensions.HtmlLogger.HtmlLogger, Microsoft.VisualStudio.TestPlatform.Extensions.Html.TestLogger, Version=15.0.0.0, Culture=neutral, PublicKeyToken=b03f5f7f11d50a3a' inside file 'C:\Program Files\dotnet\sdk\7.0.401\Extensions\Microsoft.VisualStudio.TestPlatform.Extensions.Html.TestLogger.dll'
TpTrace Verbose: 0 : 18428, 1, 2024/04/02, 14:23:21.731, 984623548551, vstest.console.dll, MetadataReaderExtensionsHelper: Discovering extensions inside assembly 'Microsoft.VisualStudio.TestPlatform.Extensions.Trx.TestLogger, Version=15.0.0.0, Culture=neutral, PublicKeyToken=b03f5f7f11d50a3a' file path 'C:\Program Files\dotnet\sdk\7.0.401\Extensions\Microsoft.VisualStudio.TestPlatform.Extensions.Trx.TestLogger.dll'
TpTrace Information: 0 : 18428, 1, 2024/04/02, 14:23:21.732, 984623556810, vstest.console.dll, GetTestExtensionFromType: Register extension with identifier data 'logger://Microsoft/TestPlatform/TrxLogger/v1' and type 'Microsoft.VisualStudio.TestPlatform.Extensions.TrxLogger.TrxLogger, Microsoft.VisualStudio.TestPlatform.Extensions.Trx.TestLogger, Version=15.0.0.0, Culture=neutral, PublicKeyToken=b03f5f7f11d50a3a' inside file 'C:\Program Files\dotnet\sdk\7.0.401\Extensions\Microsoft.VisualStudio.TestPlatform.Extensions.Trx.TestLogger.dll'
TpTrace Verbose: 0 : 18428, 1, 2024/04/02, 14:23:21.732, 984623558260, vstest.console.dll, TestPluginCache: Discovered the extensions using extension path ''.
TpTrace Verbose: 0 : 18428, 1, 2024/04/02, 14:23:21.732, 984623558806, vstest.console.dll, TestPluginCache: Discoverers are ''.
TpTrace Verbose: 0 : 18428, 1, 2024/04/02, 14:23:21.732, 984623559193, vstest.console.dll, TestPluginCache: Executors are ''.
TpTrace Verbose: 0 : 18428, 1, 2024/04/02, 14:23:21.732, 984623559550, vstest.console.dll, TestPluginCache: Executors2 are ''.
TpTrace Verbose: 0 : 18428, 1, 2024/04/02, 14:23:21.732, 984623559986, vstest.console.dll, TestPluginCache: Setting providers are ''.
TpTrace Verbose: 0 : 18428, 1, 2024/04/02, 14:23:21.733, 984623561109, vstest.console.dll, TestPluginCache: Loggers are 'logger://Microsoft/TestPlatform/Extensions/Blame/v1,logger://Microsoft/TestPlatform/HtmlLogger/v1,logger://Microsoft/TestPlatform/TrxLogger/v1'.
TpTrace Verbose: 0 : 18428, 1, 2024/04/02, 14:23:21.733, 984623561821, vstest.console.dll, TestPluginCache: TestHosts are 'HostProvider://DefaultTestHost,HostProvider://DotnetTestHost'.
TpTrace Verbose: 0 : 18428, 1, 2024/04/02, 14:23:21.733, 984623562241, vstest.console.dll, TestPluginCache: DataCollectors are ''.
TpTrace Information: 0 : 18428, 1, 2024/04/02, 14:23:21.734, 984623579747, vstest.console.dll, TestPluginManager.CreateTestExtension: Attempting to load test extension: Microsoft.TestPlatform.Extensions.BlameDataCollector.BlameLogger
TpTrace Verbose: 0 : 18428, 1, 2024/04/02, 14:23:21.753, 984623761155, vstest.console.dll, TestEngine: Initializing Parallel Execution as MaxCpuCount is set to: 1
TpTrace Information: 0 : 18428, 1, 2024/04/02, 14:23:21.756, 984623793185, vstest.console.dll, TestPluginManager.CreateTestExtension: Attempting to load test extension: Microsoft.VisualStudio.TestPlatform.CrossPlatEngine.Hosting.DefaultTestHostManager
TpTrace Information: 0 : 18428, 1, 2024/04/02, 14:23:21.758, 984623816560, vstest.console.dll, TestPluginManager.CreateTestExtension: Attempting to load test extension: Microsoft.VisualStudio.TestPlatform.CrossPlatEngine.Hosting.DotnetTestHostManager
TpTrace Information: 0 : 18428, 1, 2024/04/02, 14:23:21.759, 984623827433, vstest.console.dll, InferRunSettingsHelper.IsTestSettingsEnabled: Unable to navigate to RunSettings/MSTest. Current node: RunSettings
TpTrace Verbose: 0 : 18428, 1, 2024/04/02, 14:23:21.760, 984623838005, vstest.console.dll, ParallelOperationManager.ClearSlots: Clearing all slots. Slots should accept more work: True
TpTrace Verbose: 0 : 18428, 1, 2024/04/02, 14:23:21.761, 984623849485, vstest.console.dll, ParallelOperationManager.SetOccupiedSlotCount: Setting slot counts AvailableSlotCount = 1, OccupiedSlotCount = 0.
TpTrace Verbose: 0 : 18428, 1, 2024/04/02, 14:23:21.762, 984623856340, vstest.console.dll, Occupied slots:

TpTrace Verbose: 0 : 18428, 1, 2024/04/02, 14:23:21.769, 984623924860, vstest.console.dll, TestEngine.GetExecutionManager: Chosen execution manager 'Microsoft.VisualStudio.TestPlatform.CrossPlatEngine.Client.Parallel.ParallelProxyExecutionManager, Microsoft.TestPlatform.CrossPlatEngine, Version=15.0.0.0, Culture=neutral, PublicKeyToken=b03f5f7f11d50a3a' ParallelLevel '1'.
TpTrace Verbose: 0 : 18428, 1, 2024/04/02, 14:23:21.769, 984623928076, vstest.console.dll, TestRunRequest.ExecuteAsync: Creating test run request.
TpTrace Verbose: 0 : 18428, 1, 2024/04/02, 14:23:21.770, 984623932321, vstest.console.dll, TestRunRequest.ExecuteAsync: Starting.
TpTrace Information: 0 : 18428, 1, 2024/04/02, 14:23:21.770, 984623936474, vstest.console.dll, TestRunRequest.ExecuteAsync: Starting run with settings:TestRunCriteria:
   KeepAlive=False,FrequencyOfRunStatsChangeEvent=10,RunStatsChangeEventTimeout=00:00:01.5000000,TestCaseFilter=,TestExecutorLauncher=
   Settingsxml=<RunSettings>
  <RunConfiguration>
    <ResultsDirectory>C:\Users\yahra\OneDrive\Рабочий стол\Test\TestingLab1\TestProjectLab1\bin\Debug\net7.0\fine-code-coverage\coverage-tool-output</ResultsDirectory>
    <TargetPlatform>X64</TargetPlatform>
    <TargetFrameworkVersion>.NETCoreApp,Version=v7.0</TargetFrameworkVersion>
    <DesignMode>False</DesignMode>
    <CollectSourceInformation>False</CollectSourceInformation>
  </RunConfiguration>
  <LoggerRunSettings>
    <Loggers>
      <Logger friendlyName="blame" enabled="True" />
      <Logger friendlyName="Console" uri="logger://microsoft/TestPlatform/ConsoleLogger/v1" assemblyQualifiedName="Microsoft.VisualStudio.TestPlatform.CommandLine.Internal.ConsoleLogger, vstest.console, Version=15.0.0.0, Culture=neutral, PublicKeyToken=b03f5f7f11d50a3a" codeBase="C:\Program Files\dotnet\sdk\7.0.401\vstest.console.dll" enabled="True" />
    </Loggers>
  </LoggerRunSettings>
  <DataCollectionRunSettings>
    <DataCollectors>
      <DataCollector friendlyName="blame" enabled="True">
        <Configuration>
          <ResultsDirectory>C:\Users\yahra\OneDrive\Рабочий стол\Test\TestingLab1\TestProjectLab1\bin\Debug\net7.0\fine-code-coverage\coverage-tool-output</ResultsDirectory>
        </Configuration>
      </DataCollector>
    </DataCollectors>
  </DataCollectionRunSettings>
</RunSettings>

TpTrace Verbose: 0 : 18428, 1, 2024/04/02, 14:23:21.770, 984623937354, vstest.console.dll, TestRunRequest.ExecuteAsync: Wait for the first run request is over.
TpTrace Verbose: 0 : 18428, 1, 2024/04/02, 14:23:21.771, 984623941970, vstest.console.dll, MulticastDelegateUtilities.SafeInvoke: TestRun.TestRunStart: Invoking callbacks was skipped because there are no subscribers.
TpTrace Verbose: 0 : 18428, 4, 2024/04/02, 14:23:21.771, 984623945620, vstest.console.dll, MulticastDelegateUtilities.SafeInvoke: InternalTestLoggerEvents.SendTestRunStart: Invoking callback 1/1 for Microsoft.VisualStudio.TestPlatform.CommandLine.Internal.ConsoleLogger., took 0 ms.
TpTrace Verbose: 0 : 18428, 1, 2024/04/02, 14:23:21.773, 984623961740, vstest.console.dll, ParallelProxyExecutionManager: Start execution. Total sources: 1
TpTrace Verbose: 0 : 18428, 1, 2024/04/02, 14:23:21.773, 984623967489, vstest.console.dll, ParallelOperationManager.StartWork: Starting adding 1 workloads.
TpTrace Verbose: 0 : 18428, 1, 2024/04/02, 14:23:21.773, 984623969355, vstest.console.dll, ParallelOperationManager.ClearSlots: Clearing all slots. Slots should accept more work: True
TpTrace Verbose: 0 : 18428, 1, 2024/04/02, 14:23:21.773, 984623970520, vstest.console.dll, ParallelOperationManager.SetOccupiedSlotCount: Setting slot counts AvailableSlotCount = 1, OccupiedSlotCount = 0.
TpTrace Verbose: 0 : 18428, 1, 2024/04/02, 14:23:21.774, 984623971229, vstest.console.dll, Occupied slots:

TpTrace Verbose: 0 : 18428, 1, 2024/04/02, 14:23:21.776, 984623993653, vstest.console.dll, TestRequestSender is acting as server.
TpTrace Verbose: 0 : 18428, 1, 2024/04/02, 14:23:21.778, 984624011136, vstest.console.dll, ParallelOperationManager.RunWorkInParallel: Adding 1 workload to slot, remaining workloads 0.
TpTrace Verbose: 0 : 18428, 1, 2024/04/02, 14:23:21.778, 984624012052, vstest.console.dll, ParallelOperationManager.SetOccupiedSlotCount: Setting slot counts AvailableSlotCount = 0, OccupiedSlotCount = 1.
TpTrace Verbose: 0 : 18428, 1, 2024/04/02, 14:23:21.778, 984624013696, vstest.console.dll, Occupied slots:
0: C:\Users\yahra\OneDrive\Рабочий стол\Test\TestingLab1\TestProjectLab1\bin\Debug\net7.0\fine-code-coverage\build-output\TestProjectLab1.dll
TpTrace Verbose: 0 : 18428, 1, 2024/04/02, 14:23:21.780, 984624034640, vstest.console.dll, ParallelOperationManager.RunWorkInParallel: Started host in slot number 0 for work (source): C:\Users\yahra\OneDrive\Рабочий стол\Test\TestingLab1\TestProjectLab1\bin\Debug\net7.0\fine-code-coverage\build-output\TestProjectLab1.dll.
TpTrace Verbose: 0 : 18428, 1, 2024/04/02, 14:23:21.782, 984624051396, vstest.console.dll, ParallelOperationManager.RunWorkInParallel: We started 1 work items, which is the max parallel level. Won't start more work.
TpTrace Verbose: 0 : 18428, 1, 2024/04/02, 14:23:21.782, 984624052981, vstest.console.dll, ParallelOperationManager.RunWorkInParallel: We started 1 work items in here, returning True.
TpTrace Information: 0 : 18428, 1, 2024/04/02, 14:23:21.782, 984624053559, vstest.console.dll, TestRunRequest.ExecuteAsync: Started.
TpTrace Verbose: 0 : 18428, 1, 2024/04/02, 14:23:21.782, 984624054651, vstest.console.dll, TestRunRequest.WaitForCompletion: Waiting with timeout -1.
TpTrace Verbose: 0 : 18428, 5, 2024/04/02, 14:23:21.782, 984624054652, vstest.console.dll, ParallelProxyExecutionManager.StartTestRunOnConcurrentManager: Initializing uninitialized client. Started clients: 0
TpTrace Verbose: 0 : 18428, 5, 2024/04/02, 14:23:21.782, 984624057737, vstest.console.dll, DataCollectionRequestSender.InitializeCommunication : Initialize communication. 
TpTrace Information: 0 : 18428, 5, 2024/04/02, 14:23:21.789, 984624123990, vstest.console.dll, Listening on Endpoint : 127.0.0.1:52760
TpTrace Verbose: 0 : 18428, 5, 2024/04/02, 14:23:21.802, 984624256642, vstest.console.dll, DotnetDataCollectionLauncher: Adding  --runtimeconfig "C:\Program Files\dotnet\sdk\7.0.401\datacollector.runtimeconfig.json" in args
TpTrace Verbose: 0 : 18428, 5, 2024/04/02, 14:23:21.803, 984624265639, vstest.console.dll, DotnetDataCollectionLauncher: Adding  --depsfile "C:\Program Files\dotnet\sdk\7.0.401\datacollector.deps.json" in args
TpTrace Verbose: 0 : 18428, 5, 2024/04/02, 14:23:21.803, 984624268777, vstest.console.dll, DotnetDataCollectionLauncher: Full path of dotnet.exe is C:\Program Files\dotnet\dotnet.exe
TpTrace Information: 0 : 18428, 5, 2024/04/02, 14:23:21.813, 984624369174, vstest.console.dll, ProxyDataCollectionManager.Initialize: Launched datacollector processId: 16220 port: 52760
TpTrace Information: 0 : 18428, 5, 2024/04/02, 14:23:21.814, 984624372054, vstest.console.dll, ProxyDataCollectionManager.Initialize: waiting for connection with timeout: 90 seconds
TpTrace Verbose: 0 : 18428, 5, 2024/04/02, 14:23:21.814, 984624373723, vstest.console.dll, DataCollectionRequestSender.WaitForRequestHandlerConnection : Waiting for connection with timeout: 90000
TpTrace Information: 0 : 18428, 11, 2024/04/02, 14:23:22.179, 984628029322, vstest.console.dll, Using the buffer size of 16384 bytes
TpTrace Information: 0 : 18428, 11, 2024/04/02, 14:23:22.180, 984628032440, vstest.console.dll, Accepted Client request and set the flag
TpTrace Verbose: 0 : 18428, 5, 2024/04/02, 14:23:22.179, 984628029918, vstest.console.dll, SocketCommunicationManager.WaitForClientConnection took: 365 ms, with 90000 ms timeout, and finished with True.
TpTrace Verbose: 0 : 18428, 5, 2024/04/02, 14:23:22.180, 984628036660, vstest.console.dll, ProxyDataCollectionManager.InvokeDataCollectionServiceAction: Starting.
TpTrace Information: 0 : 18428, 5, 2024/04/02, 14:23:22.180, 984628038686, vstest.console.dll, ProxyDataCollectionManager.BeforeTestRunStart: Get environment variable and port for datacollector processId: 16220 port: 52760
TpTrace Verbose: 0 : 18428, 5, 2024/04/02, 14:23:22.181, 984628041199, vstest.console.dll, DataCollectionRequestSender.SendBeforeTestRunStartAndGetResult: Send BeforeTestRunStart message with settingsXml <RunSettings><RunConfiguration><ResultsDirectory>C:\Users\yahra\OneDrive\Рабочий стол\Test\TestingLab1\TestProjectLab1\bin\Debug\net7.0\fine-code-coverage\coverage-tool-output</ResultsDirectory><TargetPlatform>X64</TargetPlatform><TargetFrameworkVersion>.NETCoreApp,Version=v7.0</TargetFrameworkVersion><DesignMode>False</DesignMode><CollectSourceInformation>False</CollectSourceInformation><TestAdaptersPaths>C:\Program Files\dotnet\sdk\7.0.401\Extensions</TestAdaptersPaths></RunConfiguration><LoggerRunSettings><Loggers><Logger friendlyName="blame" enabled="True" /><Logger friendlyName="Console" uri="logger://microsoft/TestPlatform/ConsoleLogger/v1" assemblyQualifiedName="Microsoft.VisualStudio.TestPlatform.CommandLine.Internal.ConsoleLogger, vstest.console, Version=15.0.0.0, Culture=neutral, PublicKeyToken=b03f5f7f11d50a3a" codeBase="C:\Program Files\dotnet\sdk\7.0.401\vstest.console.dll" enabled="True" /></Loggers></LoggerRunSettings><DataCollectionRunSettings><DataCollectors><DataCollector friendlyName="blame" enabled="True"><Configuration><ResultsDirectory>C:\Users\yahra\OneDrive\Рабочий стол\Test\TestingLab1\TestProjectLab1\bin\Debug\net7.0\fine-code-coverage\coverage-tool-output</ResultsDirectory></Configuration></DataCollector></DataCollectors></DataCollectionRunSettings></RunSettings> and sources System.Collections.Generic.List`1[System.String]: 
TpTrace Verbose: 0 : 18428, 5, 2024/04/02, 14:23:22.331, 984629543633, vstest.console.dll, DataCollectionRequestSender.SendBeforeTestRunStartAndGetResult: Received message: (DataCollection.SendMessage) -> {"MessageType":"DataCollection.SendMessage","Payload":{"FriendlyName":null,"Uri":null,"TestCaseId":"00000000-0000-0000-0000-000000000000","Message":"Logging DataCollector Diagnostics in file: C:\\Users\\yahra\\OneDrive\\Рабочий стол\\Test\\TestingLab1\\TestProjectLab1\\bin\\Debug\\net7.0\\fine-code-coverage\\coverage-tool-output\\diagnostics.datacollector.24-04-02_14-23-21_80179_5.log","Level":0}}
TpTrace Verbose: 0 : 18428, 5, 2024/04/02, 14:23:22.487, 984631107705, vstest.console.dll, DataCollectionRequestSender.SendBeforeTestRunStartAndGetResult: Received message: (DataCollection.BeforeTestRunStartResult) -> {"MessageType":"DataCollection.BeforeTestRunStartResult","Payload":{"EnvironmentVariables":{},"DataCollectionEventsPort":52762}}
TpTrace Information: 0 : 18428, 5, 2024/04/02, 14:23:22.495, 984631190161, vstest.console.dll, ProxyDataCollectionManager.BeforeTestRunStart: SendBeforeTestRunStartAndGetResult successful, env variable from datacollector:   and testhost port: 52762
TpTrace Information: 0 : 18428, 5, 2024/04/02, 14:23:22.496, 984631191975, vstest.console.dll, ProxyDataCollectionManager.InvokeDataCollectionServiceAction: Completed.
TpTrace Verbose: 0 : 18428, 5, 2024/04/02, 14:23:22.496, 984631192697, vstest.console.dll, ParallelProxyExecutionManager.StartTestRunOnConcurrentManager: Initializing test run. Started clients: 0
TpTrace Verbose: 0 : 18428, 5, 2024/04/02, 14:23:22.496, 984631194105, vstest.console.dll, ProxyExecutionManager: Test host is always Lazy initialize.
TpTrace Verbose: 0 : 18428, 5, 2024/04/02, 14:23:22.496, 984631198480, vstest.console.dll, TestRequestSender.InitializeCommunication: initialize communication. 
TpTrace Information: 0 : 18428, 5, 2024/04/02, 14:23:22.497, 984631206715, vstest.console.dll, SocketServer.Start: Listening on endpoint : 127.0.0.1:52763
TpTrace Verbose: 0 : 18428, 5, 2024/04/02, 14:23:22.498, 984631219973, vstest.console.dll, DotnetTestHostmanager.GetTestHostProcessStartInfo: Platform environment 'X64' target architecture 'X64' framework '.NETCoreApp,Version=v7.0' OS 'Windows'
TpTrace Verbose: 0 : 18428, 5, 2024/04/02, 14:23:22.499, 984631223644, vstest.console.dll, DotnetTestHostmanager: Adding  --runtimeconfig "C:\Users\yahra\OneDrive\Рабочий стол\Test\TestingLab1\TestProjectLab1\bin\Debug\net7.0\fine-code-coverage\build-output\TestProjectLab1.runtimeconfig.json" in args
TpTrace Verbose: 0 : 18428, 5, 2024/04/02, 14:23:22.499, 984631226353, vstest.console.dll, DotnetTestHostmanager: Adding  --depsfile "C:\Users\yahra\OneDrive\Рабочий стол\Test\TestingLab1\TestProjectLab1\bin\Debug\net7.0\fine-code-coverage\build-output\TestProjectLab1.deps.json" in args
TpTrace Verbose: 0 : 18428, 5, 2024/04/02, 14:23:22.499, 984631228910, vstest.console.dll, DotnetTestHostmanager.IsWinOnArm: Current PROCESSOR_ARCHITECTURE from environment variable 'AMD64'
TpTrace Verbose: 0 : 18428, 5, 2024/04/02, 14:23:22.499, 984631229898, vstest.console.dll, DotnetTestHostmanager.IsWinOnArm: Is Windows on ARM 'False'
TpTrace Verbose: 0 : 18428, 5, 2024/04/02, 14:23:22.500, 984631231283, vstest.console.dll, DotnetTestHostManager: testhost.exe found at path: C:\Users\yahra\OneDrive\Рабочий стол\Test\TestingLab1\TestProjectLab1\bin\Debug\net7.0\fine-code-coverage\build-output\testhost.exe
TpTrace Verbose: 0 : 18428, 5, 2024/04/02, 14:23:22.500, 984631232031, vstest.console.dll, DotnetTestHostmanager: Full path of host exe is C:\Users\yahra\OneDrive\Рабочий стол\Test\TestingLab1\TestProjectLab1\bin\Debug\net7.0\fine-code-coverage\build-output\testhost.exe
TpTrace Verbose: 0 : 18428, 5, 2024/04/02, 14:23:22.500, 984631234156, vstest.console.dll, DotnetTestHostmanager.LaunchTestHostAsync: Found 'VSTEST_WINAPPHOST_DOTNET_ROOT' in env variables, value 'C:\Program Files\dotnet', forwarding to 'DOTNET_ROOT'
TpTrace Verbose: 0 : 18428, 5, 2024/04/02, 14:23:22.500, 984631236736, vstest.console.dll, DotnetTestHostManager: Starting process 'C:\Users\yahra\OneDrive\Рабочий стол\Test\TestingLab1\TestProjectLab1\bin\Debug\net7.0\fine-code-coverage\build-output\testhost.exe' with command line ' --runtimeconfig "C:\Users\yahra\OneDrive\Рабочий стол\Test\TestingLab1\TestProjectLab1\bin\Debug\net7.0\fine-code-coverage\build-output\TestProjectLab1.runtimeconfig.json" --depsfile "C:\Users\yahra\OneDrive\Рабочий стол\Test\TestingLab1\TestProjectLab1\bin\Debug\net7.0\fine-code-coverage\build-output\TestProjectLab1.deps.json" --port 52763 --endpoint 127.0.0.1:052763 --role client --parentprocessid 18428 --diag "C:\Users\yahra\OneDrive\Рабочий стол\Test\TestingLab1\TestProjectLab1\bin\Debug\net7.0\fine-code-coverage\coverage-tool-output\diagnostics.host.24-04-02_14-23-22_49825_5.log" --tracelevel 4 --datacollectionport 52762 --telemetryoptedin false'
TpTrace Verbose: 0 : 18428, 5, 2024/04/02, 14:23:22.515, 984631389796, vstest.console.dll, MulticastDelegateUtilities.SafeInvoke: HostProviderEvents.OnHostLaunched: Invoking callback 1/2 for Microsoft.VisualStudio.TestPlatform.CrossPlatEngine.Client.ProxyExecutionManagerWithDataCollection., took 2 ms.
TpTrace Verbose: 0 : 18428, 5, 2024/04/02, 14:23:22.516, 984631396580, vstest.console.dll, Test Runtime launched
TpTrace Verbose: 0 : 18428, 5, 2024/04/02, 14:23:22.516, 984631398940, vstest.console.dll, MulticastDelegateUtilities.SafeInvoke: HostProviderEvents.OnHostLaunched: Invoking callback 2/2 for Microsoft.VisualStudio.TestPlatform.CrossPlatEngine.Client.ProxyOperationManager., took 0 ms.
TpTrace Verbose: 0 : 18428, 5, 2024/04/02, 14:23:22.517, 984631402521, vstest.console.dll, TestRequestSender.WaitForRequestHandlerConnection: waiting for connection with timeout: 90000.
TpTrace Verbose: 0 : 18428, 12, 2024/04/02, 14:23:22.959, 984635830486, vstest.console.dll, MulticastDelegateUtilities.SafeInvoke: SocketServer: ClientConnected: Invoking callback 1/1 for Microsoft.VisualStudio.TestPlatform.CommunicationUtilities.TestRequestSender., took 0 ms.
TpTrace Verbose: 0 : 18428, 5, 2024/04/02, 14:23:22.959, 984635830520, vstest.console.dll, TestRequestSender.WaitForRequestHandlerConnection: waiting took 442 ms, with timeout 90000 ms, and result 0, which is success.
TpTrace Verbose: 0 : 18428, 12, 2024/04/02, 14:23:22.960, 984635832163, vstest.console.dll, SocketServer.OnClientConnected: Client connected for endPoint: 127.0.0.1:52763, starting MessageLoopAsync:
TpTrace Verbose: 0 : 18428, 12, 2024/04/02, 14:23:22.960, 984635837099, vstest.console.dll, TcpClientExtensions.MessageLoopAsync: Polling on remoteEndPoint: 127.0.0.1:52768 localEndPoint: 127.0.0.1:52763
TpTrace Verbose: 0 : 18428, 5, 2024/04/02, 14:23:22.962, 984635851000, vstest.console.dll, TestRequestSender.CheckVersionWithTestHost: Sending check version message: {"MessageType":"ProtocolVersion","Payload":7}
TpTrace Verbose: 0 : 18428, 12, 2024/04/02, 14:23:23.244, 984638677640, vstest.console.dll, TcpClientExtensions.MessageLoopAsync: NotifyDataAvailable remoteEndPoint: 127.0.0.1:52768 localEndPoint: 127.0.0.1:52763
TpTrace Verbose: 0 : 18428, 12, 2024/04/02, 14:23:23.245, 984638681543, vstest.console.dll, TestRequestSender.CheckVersionWithTestHost: onMessageReceived received message: (ProtocolVersion) -> {"MessageType":"ProtocolVersion","Payload":7}
TpTrace Verbose: 0 : 18428, 12, 2024/04/02, 14:23:23.246, 984638691597, vstest.console.dll, MulticastDelegateUtilities.SafeInvoke: LengthPrefixCommunicationChannel: MessageReceived: Invoking callback 1/1 for Microsoft.VisualStudio.TestPlatform.CommunicationUtilities.TestRequestSender+<>c__DisplayClass29_0., took 1 ms.
TpTrace Verbose: 0 : 18428, 12, 2024/04/02, 14:23:23.246, 984638693399, vstest.console.dll, TcpClientExtensions.MessageLoopAsync: Polling on remoteEndPoint: 127.0.0.1:52768 localEndPoint: 127.0.0.1:52763
TpTrace Verbose: 0 : 18428, 5, 2024/04/02, 14:23:23.246, 984638693357, vstest.console.dll, TestPluginCache.GetExtensionPaths: Filtered extension paths: 
TpTrace Verbose: 0 : 18428, 5, 2024/04/02, 14:23:23.246, 984638696285, vstest.console.dll, TestPluginCache.GetExtensionPaths: Added default extension paths: C:\Program Files\dotnet\sdk\7.0.401\Extensions\Microsoft.Diagnostics.NETCore.Client.dll
C:\Program Files\dotnet\sdk\7.0.401\Extensions\Microsoft.TestPlatform.Extensions.BlameDataCollector.dll
C:\Program Files\dotnet\sdk\7.0.401\Extensions\Microsoft.TestPlatform.Extensions.EventLogCollector.dll
C:\Program Files\dotnet\sdk\7.0.401\Extensions\Microsoft.TestPlatform.TestHostRuntimeProvider.dll
C:\Program Files\dotnet\sdk\7.0.401\Extensions\Microsoft.VisualStudio.TestPlatform.Extensions.Html.TestLogger.dll
C:\Program Files\dotnet\sdk\7.0.401\Extensions\Microsoft.VisualStudio.TestPlatform.Extensions.Trx.TestLogger.dll
TpTrace Verbose: 0 : 18428, 5, 2024/04/02, 14:23:23.246, 984638696956, vstest.console.dll, TestPluginCache.GetExtensionPaths: Added unfilterableExtensionPaths: 
TpTrace Verbose: 0 : 18428, 5, 2024/04/02, 14:23:23.251, 984638746763, vstest.console.dll, TestRequestSender.InitializeExecution: Sending initialize execution with message: {"Version":7,"MessageType":"TestExecution.Initialize","Payload":["C:\\Users\\yahra\\OneDrive\\Рабочий стол\\Test\\TestingLab1\\TestProjectLab1\\bin\\Debug\\net7.0\\fine-code-coverage\\build-output\\NUnit3.TestAdapter.dll"]}
TpTrace Verbose: 0 : 18428, 5, 2024/04/02, 14:23:23.251, 984638749507, vstest.console.dll, ParallelProxyExecutionManager.StartTestRunOnConcurrentManager: Execution starting. Started clients: 1
TpTrace Verbose: 0 : 18428, 5, 2024/04/02, 14:23:23.252, 984638753669, vstest.console.dll, TestRunRequest:SendTestRunMessage: Starting.
TpTrace Verbose: 0 : 18428, 5, 2024/04/02, 14:23:23.252, 984638755701, vstest.console.dll, MulticastDelegateUtilities.SafeInvoke: TestRun.LogMessages: Invoking callback 1/1 for Microsoft.VisualStudio.TestPlatform.CommandLine.TestRunResultAggregator., took 0 ms.
TpTrace Information: 0 : 18428, 5, 2024/04/02, 14:23:23.252, 984638756257, vstest.console.dll, TestRunRequest:SendTestRunMessage: Completed.
TpTrace Verbose: 0 : 18428, 4, 2024/04/02, 14:23:23.252, 984638759601, vstest.console.dll, MulticastDelegateUtilities.SafeInvoke: InternalTestLoggerEvents.SendTestRunMessage: Invoking callback 1/1 for Microsoft.VisualStudio.TestPlatform.CommandLine.Internal.ConsoleLogger., took 0 ms.
TpTrace Warning: 0 : 18428, 5, 2024/04/02, 14:23:23.253, 984638762698, vstest.console.dll, InferRunSettingsHelper.MakeRunsettingsCompatible: Removing the following settings: TargetPlatform from RunSettings file. To use those settings please move to latest version of Microsoft.NET.Test.Sdk
TpTrace Verbose: 0 : 18428, 12, 2024/04/02, 14:23:23.258, 984638812061, vstest.console.dll, TcpClientExtensions.MessageLoopAsync: NotifyDataAvailable remoteEndPoint: 127.0.0.1:52768 localEndPoint: 127.0.0.1:52763
TpTrace Verbose: 0 : 18428, 12, 2024/04/02, 14:23:23.258, 984638817095, vstest.console.dll, TestRequestSender.OnExecutionMessageReceived: Received message: {"Version":7,"MessageType":"TestSession.Message","Payload":{"MessageLevel":0,"Message":"Ведение журналов диагностики TestHost в файле: C:\\Users\\yahra\\OneDrive\\Рабочий стол\\Test\\TestingLab1\\TestProjectLab1\\bin\\Debug\\net7.0\\fine-code-coverage\\coverage-tool-output\\diagnostics.host.24-04-02_14-23-22_49825_5.log"}}
TpTrace Verbose: 0 : 18428, 12, 2024/04/02, 14:23:23.262, 984638852427, vstest.console.dll, TestRunRequest:SendTestRunMessage: Starting.
TpTrace Verbose: 0 : 18428, 12, 2024/04/02, 14:23:23.262, 984638854809, vstest.console.dll, MulticastDelegateUtilities.SafeInvoke: TestRun.LogMessages: Invoking callback 1/1 for Microsoft.VisualStudio.TestPlatform.CommandLine.TestRunResultAggregator., took 0 ms.
TpTrace Information: 0 : 18428, 12, 2024/04/02, 14:23:23.262, 984638855382, vstest.console.dll, TestRunRequest:SendTestRunMessage: Completed.
TpTrace Verbose: 0 : 18428, 4, 2024/04/02, 14:23:23.262, 984638855408, vstest.console.dll, MulticastDelegateUtilities.SafeInvoke: InternalTestLoggerEvents.SendTestRunMessage: Invoking callback 1/1 for Microsoft.VisualStudio.TestPlatform.CommandLine.Internal.ConsoleLogger., took 0 ms.
TpTrace Verbose: 0 : 18428, 12, 2024/04/02, 14:23:23.262, 984638856886, vstest.console.dll, MulticastDelegateUtilities.SafeInvoke: LengthPrefixCommunicationChannel: MessageReceived: Invoking callback 1/1 for Microsoft.VisualStudio.TestPlatform.CommunicationUtilities.TestRequestSender+<>c__DisplayClass34_0., took 4 ms.
TpTrace Verbose: 0 : 18428, 12, 2024/04/02, 14:23:23.262, 984638857709, vstest.console.dll, TcpClientExtensions.MessageLoopAsync: Polling on remoteEndPoint: 127.0.0.1:52768 localEndPoint: 127.0.0.1:52763
TpTrace Verbose: 0 : 18428, 5, 2024/04/02, 14:23:23.265, 984638888201, vstest.console.dll, TestRequestSender.StartTestRun: Sending test run with message: {"Version":7,"MessageType":"TestExecution.StartWithSources","Payload":{"AdapterSourceMap":{"_none_":["C:\\Users\\yahra\\OneDrive\\Рабочий стол\\Test\\TestingLab1\\TestProjectLab1\\bin\\Debug\\net7.0\\fine-code-coverage\\build-output\\TestProjectLab1.dll"]},"RunSettings":"<RunSettings>\r\n  <RunConfiguration>\r\n    <ResultsDirectory>C:\\Users\\yahra\\OneDrive\\Рабочий стол\\Test\\TestingLab1\\TestProjectLab1\\bin\\Debug\\net7.0\\fine-code-coverage\\coverage-tool-output</ResultsDirectory>\r\n    <TargetFrameworkVersion>.NETCoreApp,Version=v7.0</TargetFrameworkVersion>\r\n    <DesignMode>False</DesignMode>\r\n    <CollectSourceInformation>False</CollectSourceInformation>\r\n  </RunConfiguration>\r\n  <LoggerRunSettings>\r\n    <Loggers>\r\n      <Logger friendlyName=\"blame\" enabled=\"True\" />\r\n      <Logger friendlyName=\"Console\" uri=\"logger://microsoft/TestPlatform/ConsoleLogger/v1\" assemblyQualifiedName=\"Microsoft.VisualStudio.TestPlatform.CommandLine.Internal.ConsoleLogger, vstest.console, Version=15.0.0.0, Culture=neutral, PublicKeyToken=b03f5f7f11d50a3a\" codeBase=\"C:\\Program Files\\dotnet\\sdk\\7.0.401\\vstest.console.dll\" enabled=\"True\" />\r\n    </Loggers>\r\n  </LoggerRunSettings>\r\n  <DataCollectionRunSettings>\r\n    <DataCollectors>\r\n      <DataCollector friendlyName=\"blame\" enabled=\"True\">\r\n        <Configuration>\r\n          <ResultsDirectory>C:\\Users\\yahra\\OneDrive\\Рабочий стол\\Test\\TestingLab1\\TestProjectLab1\\bin\\Debug\\net7.0\\fine-code-coverage\\coverage-tool-output</ResultsDirectory>\r\n        </Configuration>\r\n      </DataCollector>\r\n    </DataCollectors>\r\n  </DataCollectionRunSettings>\r\n</RunSettings>","TestExecutionContext":{"FrequencyOfRunStatsChangeEvent":10,"RunStatsChangeEventTimeout":"00:00:01.5000000","InIsolation":false,"KeepAlive":false,"AreTestCaseLevelEventsRequired":false,"IsDebug":false,"TestCaseFilter":null,"FilterOptions":null},"Package":null}}
TpTrace Verbose: 0 : 18428, 5, 2024/04/02, 14:23:23.265, 984638890447, vstest.console.dll, ParallelProxyExecutionManager.StartTestRunOnConcurrentManager: Execution started. Started clients: 1
TpTrace Verbose: 0 : 18428, 12, 2024/04/02, 14:23:23.570, 984641935527, vstest.console.dll, TcpClientExtensions.MessageLoopAsync: NotifyDataAvailable remoteEndPoint: 127.0.0.1:52768 localEndPoint: 127.0.0.1:52763
TpTrace Verbose: 0 : 18428, 12, 2024/04/02, 14:23:23.570, 984641938077, vstest.console.dll, TestRequestSender.OnExecutionMessageReceived: Received message: {"Version":7,"MessageType":"TestSession.Message","Payload":{"MessageLevel":0,"Message":"NUnit Adapter 4.4.0.0: Test execution started"}}
TpTrace Verbose: 0 : 18428, 12, 2024/04/02, 14:23:23.571, 984641941899, vstest.console.dll, TestRunRequest:SendTestRunMessage: Starting.
TpTrace Verbose: 0 : 18428, 12, 2024/04/02, 14:23:23.571, 984641942897, vstest.console.dll, MulticastDelegateUtilities.SafeInvoke: TestRun.LogMessages: Invoking callback 1/1 for Microsoft.VisualStudio.TestPlatform.CommandLine.TestRunResultAggregator., took 0 ms.
TpTrace Verbose: 0 : 18428, 4, 2024/04/02, 14:23:23.571, 984641943233, vstest.console.dll, MulticastDelegateUtilities.SafeInvoke: InternalTestLoggerEvents.SendTestRunMessage: Invoking callback 1/1 for Microsoft.VisualStudio.TestPlatform.CommandLine.Internal.ConsoleLogger., took 0 ms.
TpTrace Information: 0 : 18428, 12, 2024/04/02, 14:23:23.571, 984641943530, vstest.console.dll, TestRunRequest:SendTestRunMessage: Completed.
TpTrace Verbose: 0 : 18428, 12, 2024/04/02, 14:23:23.571, 984641945503, vstest.console.dll, MulticastDelegateUtilities.SafeInvoke: LengthPrefixCommunicationChannel: MessageReceived: Invoking callback 1/1 for Microsoft.VisualStudio.TestPlatform.CommunicationUtilities.TestRequestSender+<>c__DisplayClass34_0., took 0 ms.
TpTrace Verbose: 0 : 18428, 12, 2024/04/02, 14:23:23.571, 984641946033, vstest.console.dll, TcpClientExtensions.MessageLoopAsync: Polling on remoteEndPoint: 127.0.0.1:52768 localEndPoint: 127.0.0.1:52763
TpTrace Verbose: 0 : 18428, 12, 2024/04/02, 14:23:23.612, 984642354672, vstest.console.dll, TcpClientExtensions.MessageLoopAsync: NotifyDataAvailable remoteEndPoint: 127.0.0.1:52768 localEndPoint: 127.0.0.1:52763
TpTrace Verbose: 0 : 18428, 12, 2024/04/02, 14:23:23.612, 984642357117, vstest.console.dll, TestRequestSender.OnExecutionMessageReceived: Received message: {"Version":7,"MessageType":"TestSession.Message","Payload":{"MessageLevel":0,"Message":"Running all tests in C:\\Users\\yahra\\OneDrive\\Рабочий стол\\Test\\TestingLab1\\TestProjectLab1\\bin\\Debug\\net7.0\\fine-code-coverage\\build-output\\TestProjectLab1.dll"}}
TpTrace Verbose: 0 : 18428, 12, 2024/04/02, 14:23:23.612, 984642358959, vstest.console.dll, TestRunRequest:SendTestRunMessage: Starting.
TpTrace Verbose: 0 : 18428, 12, 2024/04/02, 14:23:23.612, 984642359808, vstest.console.dll, MulticastDelegateUtilities.SafeInvoke: TestRun.LogMessages: Invoking callback 1/1 for Microsoft.VisualStudio.TestPlatform.CommandLine.TestRunResultAggregator., took 0 ms.
TpTrace Information: 0 : 18428, 12, 2024/04/02, 14:23:23.612, 984642360253, vstest.console.dll, TestRunRequest:SendTestRunMessage: Completed.
TpTrace Verbose: 0 : 18428, 12, 2024/04/02, 14:23:23.613, 984642360644, vstest.console.dll, MulticastDelegateUtilities.SafeInvoke: LengthPrefixCommunicationChannel: MessageReceived: Invoking callback 1/1 for Microsoft.VisualStudio.TestPlatform.CommunicationUtilities.TestRequestSender+<>c__DisplayClass34_0., took 0 ms.
TpTrace Verbose: 0 : 18428, 4, 2024/04/02, 14:23:23.613, 984642360609, vstest.console.dll, MulticastDelegateUtilities.SafeInvoke: InternalTestLoggerEvents.SendTestRunMessage: Invoking callback 1/1 for Microsoft.VisualStudio.TestPlatform.CommandLine.Internal.ConsoleLogger., took 0 ms.
TpTrace Verbose: 0 : 18428, 12, 2024/04/02, 14:23:23.613, 984642361108, vstest.console.dll, TcpClientExtensions.MessageLoopAsync: Polling on remoteEndPoint: 127.0.0.1:52768 localEndPoint: 127.0.0.1:52763
TpTrace Verbose: 0 : 18428, 12, 2024/04/02, 14:23:23.882, 984645054409, vstest.console.dll, TcpClientExtensions.MessageLoopAsync: NotifyDataAvailable remoteEndPoint: 127.0.0.1:52768 localEndPoint: 127.0.0.1:52763
TpTrace Verbose: 0 : 18428, 12, 2024/04/02, 14:23:23.882, 984645056086, vstest.console.dll, TestRequestSender.OnExecutionMessageReceived: Received message: {"Version":7,"MessageType":"TestSession.Message","Payload":{"MessageLevel":0,"Message":"   NUnit3TestExecutor discovered 10 of 10 NUnit test cases using Current Discovery mode, Non-Explicit run"}}
TpTrace Verbose: 0 : 18428, 12, 2024/04/02, 14:23:23.882, 984645057533, vstest.console.dll, TestRunRequest:SendTestRunMessage: Starting.
TpTrace Verbose: 0 : 18428, 12, 2024/04/02, 14:23:23.882, 984645058239, vstest.console.dll, MulticastDelegateUtilities.SafeInvoke: TestRun.LogMessages: Invoking callback 1/1 for Microsoft.VisualStudio.TestPlatform.CommandLine.TestRunResultAggregator., took 0 ms.
TpTrace Information: 0 : 18428, 12, 2024/04/02, 14:23:23.882, 984645058608, vstest.console.dll, TestRunRequest:SendTestRunMessage: Completed.
TpTrace Verbose: 0 : 18428, 12, 2024/04/02, 14:23:23.882, 984645058925, vstest.console.dll, MulticastDelegateUtilities.SafeInvoke: LengthPrefixCommunicationChannel: MessageReceived: Invoking callback 1/1 for Microsoft.VisualStudio.TestPlatform.CommunicationUtilities.TestRequestSender+<>c__DisplayClass34_0., took 0 ms.
TpTrace Verbose: 0 : 18428, 4, 2024/04/02, 14:23:23.882, 984645058925, vstest.console.dll, MulticastDelegateUtilities.SafeInvoke: InternalTestLoggerEvents.SendTestRunMessage: Invoking callback 1/1 for Microsoft.VisualStudio.TestPlatform.CommandLine.Internal.ConsoleLogger., took 0 ms.
TpTrace Verbose: 0 : 18428, 12, 2024/04/02, 14:23:23.882, 984645059374, vstest.console.dll, TcpClientExtensions.MessageLoopAsync: Polling on remoteEndPoint: 127.0.0.1:52768 localEndPoint: 127.0.0.1:52763
TpTrace Verbose: 0 : 18428, 12, 2024/04/02, 14:23:24.121, 984647442346, vstest.console.dll, TcpClientExtensions.MessageLoopAsync: NotifyDataAvailable remoteEndPoint: 127.0.0.1:52768 localEndPoint: 127.0.0.1:52763
TpTrace Verbose: 0 : 18428, 12, 2024/04/02, 14:23:24.121, 984647446979, vstest.console.dll, TestRequestSender.OnExecutionMessageReceived: Received message: {"Version":7,"MessageType":"TestExecution.StatsChange","Payload":{"NewTestResults":[{"TestCase":{"Id":"b72440d7-39a8-13bc-7efd-577353b85f63","FullyQualifiedName":"TestProjectLab1.Lab1Tests.SquareNonNegativeNumbers_AllNegativeNumbers_ReturnsOriginalNumbers","DisplayName":"SquareNonNegativeNumbers_AllNegativeNumbers_ReturnsOriginalNumbers","ExecutorUri":"executor://NUnit3TestExecutor","Source":"C:\\Users\\yahra\\OneDrive\\Рабочий стол\\Test\\TestingLab1\\TestProjectLab1\\bin\\Debug\\net7.0\\fine-code-coverage\\build-output\\TestProjectLab1.dll","CodeFilePath":null,"LineNumber":0,"Properties":[{"Key":{"Id":"NUnit.Seed","Label":"Seed","Category":"","Description":"","Attributes":0,"ValueType":"System.String"},"Value":"700980636"}]},"Attachments":[],"Outcome":1,"ErrorMessage":null,"ErrorStackTrace":null,"DisplayName":"SquareNonNegativeNumbers_AllNegativeNumbers_ReturnsOriginalNumbers","Messages":[],"ComputerName":"LAPTOP-6TC990L0","Duration":"00:00:00.0264440","StartTime":"2024-04-02T11:23:23.9364573+00:00","EndTime":"2024-04-02T11:23:23.9627426+00:00","Properties":[{"Key":{"Id":"NUnit.Seed","Label":"Seed","Category":"","Description":"","Attributes":0,"ValueType":"System.String"},"Value":"700980636"}]},{"TestCase":{"Id":"0f661342-6346-adc7-b1a4-45d79bb0af96","FullyQualifiedName":"TestProjectLab1.Lab1Tests.SquareNonNegativeNumbers_AllPositiveNumbers_ReturnsSquaredNumbers","DisplayName":"SquareNonNegativeNumbers_AllPositiveNumbers_ReturnsSquaredNumbers","ExecutorUri":"executor://NUnit3TestExecutor","Source":"C:\\Users\\yahra\\OneDrive\\Рабочий стол\\Test\\TestingLab1\\TestProjectLab1\\bin\\Debug\\net7.0\\fine-code-coverage\\build-output\\TestProjectLab1.dll","CodeFilePath":null,"LineNumber":0,"Properties":[{"Key":{"Id":"NUnit.Seed","Label":"Seed","Category":"","Description":"","Attributes":0,"ValueType":"System.String"},"Value":"2016535189"}]},"Attachments":[],"Outcome":1,"ErrorMessage":null,"ErrorStackTrace":null,"DisplayName":"SquareNonNegativeNumbers_AllPositiveNumbers_ReturnsSquaredNumbers","Messages":[],"ComputerName":"LAPTOP-6TC990L0","Duration":"00:00:00.0020220","StartTime":"2024-04-02T11:23:23.9662969+00:00","EndTime":"2024-04-02T11:23:23.9683189+00:00","Properties":[{"Key":{"Id":"NUnit.Seed","Label":"Seed","Category":"","Description":"","Attributes":0,"ValueType":"System.String"},"Value":"2016535189"}]},{"TestCase":{"Id":"9f8b30cd-1b14-0d50-5f22-2ad3405d4da5","FullyQualifiedName":"TestProjectLab1.Lab1Tests.SquareNonNegativeNumbers_AllZeroes_ReturnsZeroes","DisplayName":"SquareNonNegativeNumbers_AllZeroes_ReturnsZeroes","ExecutorUri":"executor://NUnit3TestExecutor","Source":"C:\\Users\\yahra\\OneDrive\\Рабочий стол\\Test\\TestingLab1\\TestProjectLab1\\bin\\Debug\\net7.0\\fine-code-coverage\\build-output\\TestProjectLab1.dll","CodeFilePath":null,"LineNumber":0,"Properties":[{"Key":{"Id":"NUnit.Seed","Label":"Seed","Category":"","Description":"","Attributes":0,"ValueType":"System.String"},"Value":"1523189877"}]},"Attachments":[],"Outcome":1,"ErrorMessage":null,"ErrorStackTrace":null,"DisplayName":"SquareNonNegativeNumbers_AllZeroes_ReturnsZeroes","Messages":[],"ComputerName":"LAPTOP-6TC990L0","Duration":"00:00:00.0004340","StartTime":"2024-04-02T11:23:23.9683981+00:00","EndTime":"2024-04-02T11:23:23.9688317+00:00","Properties":[{"Key":{"Id":"NUnit.Seed","Label":"Seed","Category":"","Description":"","Attributes":0,"ValueType":"System.String"},"Value":"1523189877"}]},{"TestCase":{"Id":"3ba8ecb0-6d7c-49b8-290f-60131edf2465","FullyQualifiedName":"TestProjectLab1.Lab1Tests.SquareNonNegativeNumbers_DecimalNumbers_ReturnsSquaredNumbers","DisplayName":"SquareNonNegativeNumbers_DecimalNumbers_ReturnsSquaredNumbers","ExecutorUri":"executor://NUnit3TestExecutor","Source":"C:\\Users\\yahra\\OneDrive\\Рабочий стол\\Test\\TestingLab1\\TestProjectLab1\\bin\\Debug\\net7.0\\fine-code-coverage\\build-output\\TestProjectLab1.dll","CodeFilePath":null,"LineNumber":0,"Properties":[{"Key":{"Id":"NUnit.Seed","Label":"Seed","Category":"","Description":"","Attributes":0,"ValueType":"System.String"},"Value":"1102042869"}]},"Attachments":[],"Outcome":1,"ErrorMessage":null,"ErrorStackTrace":null,"DisplayName":"SquareNonNegativeNumbers_DecimalNumbers_ReturnsSquaredNumbers","Messages":[],"ComputerName":"LAPTOP-6TC990L0","Duration":"00:00:00.0002050","StartTime":"2024-04-02T11:23:23.9688485+00:00","EndTime":"2024-04-02T11:23:23.9690528+00:00","Properties":[{"Key":{"Id":"NUnit.Seed","Label":"Seed","Category":"","Description":"","Attributes":0,"ValueType":"System.String"},"Value":"1102042869"}]},{"TestCase":{"Id":"1c012e81-1775-329b-22c4-b5e281e3b9d1","FullyQualifiedName":"TestProjectLab1.Lab1Tests.SquareNonNegativeNumbers_EmptyArray_ReturnsEmptyArray","DisplayName":"SquareNonNegativeNumbers_EmptyArray_ReturnsEmptyArray","ExecutorUri":"executor://NUnit3TestExecutor","Source":"C:\\Users\\yahra\\OneDrive\\Рабочий стол\\Test\\TestingLab1\\TestProjectLab1\\bin\\Debug\\net7.0\\fine-code-coverage\\build-output\\TestProjectLab1.dll","CodeFilePath":null,"LineNumber":0,"Properties":[{"Key":{"Id":"NUnit.Seed","Label":"Seed","Category":"","Description":"","Attributes":0,"ValueType":"System.String"},"Value":"1039479054"}]},"Attachments":[],"Outcome":1,"ErrorMessage":null,"ErrorStackTrace":null,"DisplayName":"SquareNonNegativeNumbers_EmptyArray_ReturnsEmptyArray","Messages":[],"ComputerName":"LAPTOP-6TC990L0","Duration":"00:00:00.0001470","StartTime":"2024-04-02T11:23:23.9690681+00:00","EndTime":"2024-04-02T11:23:23.9692151+00:00","Properties":[{"Key":{"Id":"NUnit.Seed","Label":"Seed","Category":"","Description":"","Attributes":0,"ValueType":"System.String"},"Value":"1039479054"}]},{"TestCase":{"Id":"8d69909a-e8d9-d027-6f56-c5a95689b96f","FullyQualifiedName":"TestProjectLab1.Lab1Tests.SquareNonNegativeNumbers_LargeNegativeNumber_ReturnsOriginalNumber","DisplayName":"SquareNonNegativeNumbers_LargeNegativeNumber_ReturnsOriginalNumber","ExecutorUri":"executor://NUnit3TestExecutor","Source":"C:\\Users\\yahra\\OneDrive\\Рабочий стол\\Test\\TestingLab1\\TestProjectLab1\\bin\\Debug\\net7.0\\fine-code-coverage\\build-output\\TestProjectLab1.dll","CodeFilePath":null,"LineNumber":0,"Properties":[{"Key":{"Id":"NUnit.Seed","Label":"Seed","Category":"","Description":"","Attributes":0,"ValueType":"System.String"},"Value":"615920105"}]},"Attachments":[],"Outcome":1,"ErrorMessage":null,"ErrorStackTrace":null,"DisplayName":"SquareNonNegativeNumbers_LargeNegativeNumber_ReturnsOriginalNumber","Messages":[],"ComputerName":"LAPTOP-6TC990L0","Duration":"00:00:00.0001979","StartTime":"2024-04-02T11:23:23.9692348+00:00","EndTime":"2024-04-02T11:23:23.9694326+00:00","Properties":[{"Key":{"Id":"NUnit.Seed","Label":"Seed","Category":"","Description":"","Attributes":0,"ValueType":"System.String"},"Value":"615920105"}]},{"TestCase":{"Id":"bd373d1f-4248-3dd9-c9e9-31b79996ef22","FullyQualifiedName":"TestProjectLab1.Lab1Tests.SquareNonNegativeNumbers_LargePositiveNumber_ReturnsSquaredNumber","DisplayName":"SquareNonNegativeNumbers_LargePositiveNumber_ReturnsSquaredNumber","ExecutorUri":"executor://NUnit3TestExecutor","Source":"C:\\Users\\yahra\\OneDrive\\Рабочий стол\\Test\\TestingLab1\\TestProjectLab1\\bin\\Debug\\net7.0\\fine-code-coverage\\build-output\\TestProjectLab1.dll","CodeFilePath":null,"LineNumber":0,"Properties":[{"Key":{"Id":"NUnit.Seed","Label":"Seed","Category":"","Description":"","Attributes":0,"ValueType":"System.String"},"Value":"1928427930"}]},"Attachments":[],"Outcome":1,"ErrorMessage":null,"ErrorStackTrace":null,"DisplayName":"SquareNonNegativeNumbers_LargePositiveNumber_ReturnsSquaredNumber","Messages":[],"ComputerName":"LAPTOP-6TC990L0","Duration":"00:00:00.0002050","StartTime":"2024-04-02T11:23:23.969447+00:00","EndTime":"2024-04-02T11:23:23.9696514+00:00","Properties":[{"Key":{"Id":"NUnit.Seed","Label":"Seed","Category":"","Description":"","Attributes":0,"ValueType":"System.String"},"Value":"1928427930"}]},{"TestCase":{"Id":"b6c712ef-93f6-75c8-d61d-d22700780f06","FullyQualifiedName":"TestProjectLab1.Lab1Tests.SquareNonNegativeNumbers_MixedPositiveAndNegativeNumbers_ReturnsSquaredAndOriginalNumbers","DisplayName":"SquareNonNegativeNumbers_MixedPositiveAndNegativeNumbers_ReturnsSquaredAndOriginalNumbers","ExecutorUri":"executor://NUnit3TestExecutor","Source":"C:\\Users\\yahra\\OneDrive\\Рабочий стол\\Test\\TestingLab1\\TestProjectLab1\\bin\\Debug\\net7.0\\fine-code-coverage\\build-output\\TestProjectLab1.dll","CodeFilePath":null,"LineNumber":0,"Properties":[{"Key":{"Id":"NUnit.Seed","Label":"Seed","Category":"","Description":"","Attributes":0,"ValueType":"System.String"},"Value":"772185987"}]},"Attachments":[],"Outcome":1,"ErrorMessage":null,"ErrorStackTrace":null,"DisplayName":"SquareNonNegativeNumbers_MixedPositiveAndNegativeNumbers_ReturnsSquaredAndOriginalNumbers","Messages":[],"ComputerName":"LAPTOP-6TC990L0","Duration":"00:00:00.0001900","StartTime":"2024-04-02T11:23:23.9696657+00:00","EndTime":"2024-04-02T11:23:23.9698552+00:00","Properties":[{"Key":{"Id":"NUnit.Seed","Label":"Seed","Category":"","Description":"","Attributes":0,"ValueType":"System.String"},"Value":"772185987"}]},{"TestCase":{"Id":"3762a76c-fee0-7e60-c9cc-8829c210794b","FullyQualifiedName":"TestProjectLab1.Lab1Tests.SquareNonNegativeNumbers_NegativeZero_ReturnsOriginalNumber","DisplayName":"SquareNonNegativeNumbers_NegativeZero_ReturnsOriginalNumber","ExecutorUri":"executor://NUnit3TestExecutor","Source":"C:\\Users\\yahra\\OneDrive\\Рабочий стол\\Test\\TestingLab1\\TestProjectLab1\\bin\\Debug\\net7.0\\fine-code-coverage\\build-output\\TestProjectLab1.dll","CodeFilePath":null,"LineNumber":0,"Properties":[{"Key":{"Id":"NUnit.Seed","Label":"Seed","Category":"","Description":"","Attributes":0,"ValueType":"System.String"},"Value":"2146638462"}]},"Attachments":[],"Outcome":1,"ErrorMessage":null,"ErrorStackTrace":null,"DisplayName":"SquareNonNegativeNumbers_NegativeZero_ReturnsOriginalNumber","Messages":[],"ComputerName":"LAPTOP-6TC990L0","Duration":"00:00:00.0001740","StartTime":"2024-04-02T11:23:23.9698753+00:00","EndTime":"2024-04-02T11:23:23.9700488+00:00","Properties":[{"Key":{"Id":"NUnit.Seed","Label":"Seed","Category":"","Description":"","Attributes":0,"ValueType":"System.String"},"Value":"2146638462"}]}],"TestRunStatistics":{"ExecutedTests":9,"Stats":{"Passed":9}},"ActiveTests":[{"Id":"0c37ed9b-3c28-2912-ae70-2b04d4aca83a","FullyQualifiedName":"TestProjectLab1.Lab1Tests.SquareNonNegativeNumbers_Zero_ReturnsZero","DisplayName":"SquareNonNegativeNumbers_Zero_ReturnsZero","ExecutorUri":"executor://NUnit3TestExecutor","Source":"C:\\Users\\yahra\\OneDrive\\Рабочий стол\\Test\\TestingLab1\\TestProjectLab1\\bin\\Debug\\net7.0\\fine-code-coverage\\build-output\\TestProjectLab1.dll","CodeFilePath":null,"LineNumber":0,"Properties":[{"Key":{"Id":"NUnit.Seed","Label":"Seed","Category":"","Description":"","Attributes":0,"ValueType":"System.String"},"Value":"1747268662"}]}]}}
TpTrace Verbose: 0 : 18428, 12, 2024/04/02, 14:23:24.172, 984647954761, vstest.console.dll, TestRunRequest:SendTestRunStatsChange: Starting.
TpTrace Verbose: 0 : 18428, 12, 2024/04/02, 14:23:24.200, 984648236911, vstest.console.dll, InProgress is SquareNonNegativeNumbers_Zero_ReturnsZero
TpTrace Verbose: 0 : 18428, 12, 2024/04/02, 14:23:24.201, 984648244211, vstest.console.dll, MulticastDelegateUtilities.SafeInvoke: TestRun.RunStatsChanged: Invoking callbacks was skipped because there are no subscribers.
TpTrace Information: 0 : 18428, 12, 2024/04/02, 14:23:24.201, 984648245087, vstest.console.dll, TestRunRequest:SendTestRunStatsChange: Completed.
TpTrace Verbose: 0 : 18428, 12, 2024/04/02, 14:23:24.201, 984648245760, vstest.console.dll, MulticastDelegateUtilities.SafeInvoke: LengthPrefixCommunicationChannel: MessageReceived: Invoking callback 1/1 for Microsoft.VisualStudio.TestPlatform.CommunicationUtilities.TestRequestSender+<>c__DisplayClass34_0., took 79 ms.
TpTrace Verbose: 0 : 18428, 12, 2024/04/02, 14:23:24.201, 984648246619, vstest.console.dll, TcpClientExtensions.MessageLoopAsync: Polling on remoteEndPoint: 127.0.0.1:52768 localEndPoint: 127.0.0.1:52763
TpTrace Verbose: 0 : 18428, 12, 2024/04/02, 14:23:24.201, 984648247301, vstest.console.dll, TcpClientExtensions.MessageLoopAsync: NotifyDataAvailable remoteEndPoint: 127.0.0.1:52768 localEndPoint: 127.0.0.1:52763
TpTrace Verbose: 0 : 18428, 12, 2024/04/02, 14:23:24.201, 984648248322, vstest.console.dll, TestRequestSender.OnExecutionMessageReceived: Received message: {"Version":7,"MessageType":"TestSession.Message","Payload":{"MessageLevel":0,"Message":"NUnit Adapter 4.4.0.0: Test execution complete"}}
TpTrace Verbose: 0 : 18428, 12, 2024/04/02, 14:23:24.201, 984648250101, vstest.console.dll, TestRunRequest:SendTestRunMessage: Starting.
TpTrace Verbose: 0 : 18428, 12, 2024/04/02, 14:23:24.202, 984648250961, vstest.console.dll, MulticastDelegateUtilities.SafeInvoke: TestRun.LogMessages: Invoking callback 1/1 for Microsoft.VisualStudio.TestPlatform.CommandLine.TestRunResultAggregator., took 0 ms.
TpTrace Information: 0 : 18428, 12, 2024/04/02, 14:23:24.202, 984648251443, vstest.console.dll, TestRunRequest:SendTestRunMessage: Completed.
TpTrace Verbose: 0 : 18428, 12, 2024/04/02, 14:23:24.202, 984648251910, vstest.console.dll, MulticastDelegateUtilities.SafeInvoke: LengthPrefixCommunicationChannel: MessageReceived: Invoking callback 1/1 for Microsoft.VisualStudio.TestPlatform.CommunicationUtilities.TestRequestSender+<>c__DisplayClass34_0., took 0 ms.
TpTrace Verbose: 0 : 18428, 12, 2024/04/02, 14:23:24.202, 984648252366, vstest.console.dll, TcpClientExtensions.MessageLoopAsync: Polling on remoteEndPoint: 127.0.0.1:52768 localEndPoint: 127.0.0.1:52763
TpTrace Verbose: 0 : 18428, 12, 2024/04/02, 14:23:24.202, 984648252917, vstest.console.dll, TcpClientExtensions.MessageLoopAsync: NotifyDataAvailable remoteEndPoint: 127.0.0.1:52768 localEndPoint: 127.0.0.1:52763
TpTrace Verbose: 0 : 18428, 12, 2024/04/02, 14:23:24.202, 984648253988, vstest.console.dll, TestRequestSender.OnExecutionMessageReceived: Received message: {"Version":7,"MessageType":"TestExecution.Completed","Payload":{"TestRunCompleteArgs":{"TestRunStatistics":{"ExecutedTests":10,"Stats":{"Passed":10}},"IsCanceled":false,"IsAborted":false,"Error":null,"AttachmentSets":[],"InvokedDataCollectors":[],"ElapsedTimeInRunningTests":"00:00:00.6614343","Metrics":{},"DiscoveredExtensions":{"TestDiscoverers":["NUnit.VisualStudio.TestAdapter.NUnit3TestDiscoverer, NUnit3.TestAdapter, Version=4.4.0.0, Culture=neutral, PublicKeyToken=4cb40d35494691ac"],"TestExecutors":["executor://NUnit3TestExecutor"],"TestExecutors2":[],"TestSettingsProviders":[]}},"LastRunTests":{"NewTestResults":[{"TestCase":{"Id":"0c37ed9b-3c28-2912-ae70-2b04d4aca83a","FullyQualifiedName":"TestProjectLab1.Lab1Tests.SquareNonNegativeNumbers_Zero_ReturnsZero","DisplayName":"SquareNonNegativeNumbers_Zero_ReturnsZero","ExecutorUri":"executor://NUnit3TestExecutor","Source":"C:\\Users\\yahra\\OneDrive\\Рабочий стол\\Test\\TestingLab1\\TestProjectLab1\\bin\\Debug\\net7.0\\fine-code-coverage\\build-output\\TestProjectLab1.dll","CodeFilePath":null,"LineNumber":0,"Properties":[{"Key":{"Id":"NUnit.Seed","Label":"Seed","Category":"","Description":"","Attributes":0,"ValueType":"System.String"},"Value":"1747268662"}]},"Attachments":[],"Outcome":1,"ErrorMessage":null,"ErrorStackTrace":null,"DisplayName":"SquareNonNegativeNumbers_Zero_ReturnsZero","Messages":[],"ComputerName":"LAPTOP-6TC990L0","Duration":"00:00:00.0001450","StartTime":"2024-04-02T11:23:23.9700628+00:00","EndTime":"2024-04-02T11:23:23.9702073+00:00","Properties":[{"Key":{"Id":"NUnit.Seed","Label":"Seed","Category":"","Description":"","Attributes":0,"ValueType":"System.String"},"Value":"1747268662"}]}],"TestRunStatistics":{"ExecutedTests":10,"Stats":{"Passed":10}},"ActiveTests":[]},"RunAttachments":[],"ExecutorUris":["executor://nunit3testexecutor/"]}}
TpTrace Verbose: 0 : 18428, 12, 2024/04/02, 14:23:24.202, 984648255451, vstest.console.dll, TestRequestSender.EndSession: Sending end session.
TpTrace Verbose: 0 : 18428, 12, 2024/04/02, 14:23:24.202, 984648257836, vstest.console.dll, ProxyOperationManager.Close: waiting for test host to exit for 100 ms
TpTrace Verbose: 0 : 18428, 4, 2024/04/02, 14:23:24.206, 984648292943, vstest.console.dll, MulticastDelegateUtilities.SafeInvoke: InternalTestLoggerEvents.SendTestResult: Invoking callback 1/1 for Microsoft.VisualStudio.TestPlatform.CommandLine.Internal.ConsoleLogger., took 4 ms.
TpTrace Verbose: 0 : 18428, 4, 2024/04/02, 14:23:24.206, 984648298084, vstest.console.dll, MulticastDelegateUtilities.SafeInvoke: InternalTestLoggerEvents.SendTestResult: Invoking callback 1/1 for Microsoft.VisualStudio.TestPlatform.CommandLine.Internal.ConsoleLogger., took 0 ms.
TpTrace Verbose: 0 : 18428, 4, 2024/04/02, 14:23:24.206, 984648299367, vstest.console.dll, MulticastDelegateUtilities.SafeInvoke: InternalTestLoggerEvents.SendTestResult: Invoking callback 1/1 for Microsoft.VisualStudio.TestPlatform.CommandLine.Internal.ConsoleLogger., took 0 ms.
TpTrace Verbose: 0 : 18428, 4, 2024/04/02, 14:23:24.206, 984648300436, vstest.console.dll, MulticastDelegateUtilities.SafeInvoke: InternalTestLoggerEvents.SendTestResult: Invoking callback 1/1 for Microsoft.VisualStudio.TestPlatform.CommandLine.Internal.ConsoleLogger., took 0 ms.
TpTrace Verbose: 0 : 18428, 4, 2024/04/02, 14:23:24.207, 984648301176, vstest.console.dll, MulticastDelegateUtilities.SafeInvoke: InternalTestLoggerEvents.SendTestResult: Invoking callback 1/1 for Microsoft.VisualStudio.TestPlatform.CommandLine.Internal.ConsoleLogger., took 0 ms.
TpTrace Verbose: 0 : 18428, 4, 2024/04/02, 14:23:24.207, 984648301884, vstest.console.dll, MulticastDelegateUtilities.SafeInvoke: InternalTestLoggerEvents.SendTestResult: Invoking callback 1/1 for Microsoft.VisualStudio.TestPlatform.CommandLine.Internal.ConsoleLogger., took 0 ms.
TpTrace Verbose: 0 : 18428, 4, 2024/04/02, 14:23:24.207, 984648302657, vstest.console.dll, MulticastDelegateUtilities.SafeInvoke: InternalTestLoggerEvents.SendTestResult: Invoking callback 1/1 for Microsoft.VisualStudio.TestPlatform.CommandLine.Internal.ConsoleLogger., took 0 ms.
TpTrace Verbose: 0 : 18428, 4, 2024/04/02, 14:23:24.207, 984648303495, vstest.console.dll, MulticastDelegateUtilities.SafeInvoke: InternalTestLoggerEvents.SendTestResult: Invoking callback 1/1 for Microsoft.VisualStudio.TestPlatform.CommandLine.Internal.ConsoleLogger., took 0 ms.
TpTrace Verbose: 0 : 18428, 4, 2024/04/02, 14:23:24.209, 984648322421, vstest.console.dll, MulticastDelegateUtilities.SafeInvoke: InternalTestLoggerEvents.SendTestResult: Invoking callback 1/1 for Microsoft.VisualStudio.TestPlatform.CommandLine.Internal.ConsoleLogger., took 1 ms.
TpTrace Verbose: 0 : 18428, 4, 2024/04/02, 14:23:24.209, 984648323992, vstest.console.dll, MulticastDelegateUtilities.SafeInvoke: InternalTestLoggerEvents.SendTestRunMessage: Invoking callback 1/1 for Microsoft.VisualStudio.TestPlatform.CommandLine.Internal.ConsoleLogger., took 0 ms.
TpTrace Verbose: 0 : 18428, 7, 2024/04/02, 14:23:24.245, 984648683321, vstest.console.dll, TestHostManagerCallbacks.ctor: Experimental forwarding output is disabled.
TpTrace Warning: 0 : 18428, 7, 2024/04/02, 14:23:24.245, 984648685049, vstest.console.dll, TestHostManagerCallbacks.ErrorReceivedCallback Test host standard error line: 
TpTrace Verbose: 0 : 18428, 7, 2024/04/02, 14:23:24.258, 984648814179, vstest.console.dll, TestHostProvider.ExitCallBack: Host exited starting callback.
TpTrace Information: 0 : 18428, 7, 2024/04/02, 14:23:24.258, 984648817385, vstest.console.dll, TestHostManagerCallbacks.ExitCallBack: Testhost processId: 6220 exited with exitcode: 0 error: ''
TpTrace Verbose: 0 : 18428, 7, 2024/04/02, 14:23:24.258, 984648818372, vstest.console.dll, DotnetTestHostManager.OnHostExited: invoking OnHostExited callback
TpTrace Verbose: 0 : 18428, 7, 2024/04/02, 14:23:24.258, 984648819270, vstest.console.dll, CrossPlatEngine.TestHostManagerHostExited: calling on client process exit callback.
TpTrace Information: 0 : 18428, 7, 2024/04/02, 14:23:24.258, 984648820138, vstest.console.dll, TestRequestSender.OnClientProcessExit: Test host process exited. Standard error: 
TpTrace Information: 0 : 18428, 7, 2024/04/02, 14:23:24.259, 984648820810, vstest.console.dll, SocketServer.Stop: Stop server endPoint: 127.0.0.1:52763
TpTrace Information: 0 : 18428, 7, 2024/04/02, 14:23:24.259, 984648821312, vstest.console.dll, SocketServer.Stop: Cancellation requested. Stopping message loop.
TpTrace Information: 0 : 18428, 12, 2024/04/02, 14:23:24.259, 984648822501, vstest.console.dll, SocketServer.Stop: Stop server endPoint: 127.0.0.1:52763
TpTrace Information: 0 : 18428, 12, 2024/04/02, 14:23:24.259, 984648823547, vstest.console.dll, SocketServer.Stop: Cancellation requested. Stopping message loop.
TpTrace Verbose: 0 : 18428, 7, 2024/04/02, 14:23:24.259, 984648822762, vstest.console.dll, MulticastDelegateUtilities.SafeInvoke: HostProviderEvents.OnHostExited: Invoking callback 1/1 for Microsoft.VisualStudio.TestPlatform.CrossPlatEngine.Client.ProxyOperationManager., took 0 ms.
TpTrace Information: 0 : 18428, 12, 2024/04/02, 14:23:24.259, 984648824294, vstest.console.dll, Closing the connection
TpTrace Verbose: 0 : 18428, 12, 2024/04/02, 14:23:24.259, 984648829791, vstest.console.dll, ProxyDataCollectionManager.InvokeDataCollectionServiceAction: Starting.
TpTrace Information: 0 : 18428, 12, 2024/04/02, 14:23:24.260, 984648830679, vstest.console.dll, ProxyDataCollectionManager.AfterTestRunEnd: Get attachment set and invoked data collectors processId: 16220 port: 52760
TpTrace Verbose: 0 : 18428, 12, 2024/04/02, 14:23:24.260, 984648831512, vstest.console.dll, DataCollectionRequestSender.SendAfterTestRunStartAndGetResult: Send AfterTestRunEnd message with isCancelled: False
TpTrace Verbose: 0 : 18428, 12, 2024/04/02, 14:23:24.276, 984648997406, vstest.console.dll, DataCollectionRequestSender.SendAfterTestRunStartAndGetResult: Received message: (DataCollection.AfterTestRunEndResult) -> {"MessageType":"DataCollection.AfterTestRunEndResult","Payload":{"AttachmentSets":[],"InvokedDataCollectors":[{"Uri":"datacollector://Microsoft/TestPlatform/Extensions/Blame/v1","FriendlyName":"Blame","AssemblyQualifiedName":"Microsoft.TestPlatform.Extensions.BlameDataCollector.BlameCollector, Microsoft.TestPlatform.Extensions.BlameDataCollector, Version=15.0.0.0, Culture=neutral, PublicKeyToken=b03f5f7f11d50a3a","FilePath":"C:\\Program Files\\dotnet\\sdk\\7.0.401\\Extensions\\Microsoft.TestPlatform.Extensions.BlameDataCollector.dll","HasAttachmentProcessor":false}],"Metrics":{}}}
TpTrace Warning: 0 : 18428, 10, 2024/04/02, 14:23:24.294, 984649177077, vstest.console.dll, DataCollectionLauncher.ErrorReceivedCallback datacollector standard error line: 
TpTrace Information: 0 : 18428, 10, 2024/04/02, 14:23:24.296, 984649197074, vstest.console.dll, DataCollectionLauncher.ExitCallBack: Data collector exited with exitcode: 0 error: ''
TpTrace Information: 0 : 18428, 12, 2024/04/02, 14:23:24.299, 984649228045, vstest.console.dll, ProxyDataCollectionManager.InvokeDataCollectionServiceAction: Completed.
TpTrace Verbose: 0 : 18428, 12, 2024/04/02, 14:23:24.365, 984649883765, vstest.console.dll, TestRunRequest:SendTestRunStatsChange: Starting.
TpTrace Verbose: 0 : 18428, 12, 2024/04/02, 14:23:24.365, 984649885737, vstest.console.dll, MulticastDelegateUtilities.SafeInvoke: TestRun.RunStatsChanged: Invoking callbacks was skipped because there are no subscribers.
TpTrace Information: 0 : 18428, 12, 2024/04/02, 14:23:24.365, 984649886194, vstest.console.dll, TestRunRequest:SendTestRunStatsChange: Completed.
TpTrace Verbose: 0 : 18428, 4, 2024/04/02, 14:23:24.365, 984649886974, vstest.console.dll, MulticastDelegateUtilities.SafeInvoke: InternalTestLoggerEvents.SendTestResult: Invoking callback 1/1 for Microsoft.VisualStudio.TestPlatform.CommandLine.Internal.ConsoleLogger., took 0 ms.
TpTrace Verbose: 0 : 18428, 12, 2024/04/02, 14:23:24.366, 984649891715, vstest.console.dll, ParallelProxyExecutionManager: HandlePartialRunComplete: Total workloads = 1, Total started clients = 1 Total completed clients = 1, Run complete = True, Run canceled: False.
TpTrace Verbose: 0 : 18428, 12, 2024/04/02, 14:23:24.366, 984649892260, vstest.console.dll, ParallelProxyExecutionManager: HandlePartialRunComplete: All runs completed stopping all managers.
TpTrace Verbose: 0 : 18428, 12, 2024/04/02, 14:23:24.366, 984649892649, vstest.console.dll, ParallelOperationManager.StopAllManagers: Stopping all managers.
TpTrace Verbose: 0 : 18428, 12, 2024/04/02, 14:23:24.366, 984649892993, vstest.console.dll, ParallelOperationManager.ClearSlots: Clearing all slots. Slots should accept more work: False
TpTrace Verbose: 0 : 18428, 12, 2024/04/02, 14:23:24.366, 984649893495, vstest.console.dll, ParallelOperationManager.SetOccupiedSlotCount: Setting slot counts AvailableSlotCount = 1, OccupiedSlotCount = 0.
TpTrace Verbose: 0 : 18428, 12, 2024/04/02, 14:23:24.366, 984649894070, vstest.console.dll, Occupied slots:

TpTrace Verbose: 0 : 18428, 4, 2024/04/02, 14:23:24.383, 984650061146, vstest.console.dll, MulticastDelegateUtilities.SafeInvoke: InternalTestLoggerEvents.SendTestRunComplete: Invoking callback 1/2 for Microsoft.TestPlatform.Extensions.BlameDataCollector.BlameLogger., took 0 ms.
TpTrace Verbose: 0 : 18428, 4, 2024/04/02, 14:23:24.396, 984650192875, vstest.console.dll, MulticastDelegateUtilities.SafeInvoke: InternalTestLoggerEvents.SendTestRunComplete: Invoking callback 2/2 for Microsoft.VisualStudio.TestPlatform.CommandLine.Internal.ConsoleLogger., took 13 ms.
TpTrace Verbose: 0 : 18428, 12, 2024/04/02, 14:23:24.396, 984650198365, vstest.console.dll, TestRunRequest:TestRunComplete: Starting. IsAborted:False IsCanceled:False.
TpTrace Verbose: 0 : 18428, 12, 2024/04/02, 14:23:24.397, 984650200909, vstest.console.dll, ParallelOperationManager.DoActionOnAllManagers: Calling an action on all managers.
TpTrace Verbose: 0 : 18428, 12, 2024/04/02, 14:23:24.399, 984650225673, vstest.console.dll, TestLoggerManager.HandleTestRunComplete: Ignoring as the object is disposed.
TpTrace Verbose: 0 : 18428, 12, 2024/04/02, 14:23:24.399, 984650229996, vstest.console.dll, MulticastDelegateUtilities.SafeInvoke: TestRun.TestRunComplete: Invoking callback 1/2 for Microsoft.VisualStudio.TestPlatform.CommandLine.TestRunResultAggregator., took 0 ms.
TpTrace Verbose: 0 : 18428, 12, 2024/04/02, 14:23:24.400, 984650232632, vstest.console.dll, MulticastDelegateUtilities.SafeInvoke: TestRun.TestRunComplete: Invoking callback 2/2 for Microsoft.VisualStudio.TestPlatform.CommandLine.Processors.RunTestsArgumentExecutor+TestRunRequestEventsRegistrar., took 0 ms.
TpTrace Information: 0 : 18428, 12, 2024/04/02, 14:23:24.400, 984650234589, vstest.console.dll, TestRunRequest:TestRunComplete: Completed.
TpTrace Verbose: 0 : 18428, 12, 2024/04/02, 14:23:24.400, 984650235331, vstest.console.dll, TestRequestSender.SetOperationComplete: Setting operation complete.
TpTrace Information: 0 : 18428, 12, 2024/04/02, 14:23:24.400, 984650235814, vstest.console.dll, SocketServer.Stop: Stop server endPoint: 127.0.0.1:52763
TpTrace Verbose: 0 : 18428, 1, 2024/04/02, 14:23:24.400, 984650235956, vstest.console.dll, TestRunRequest.Dispose: Starting.
TpTrace Information: 0 : 18428, 12, 2024/04/02, 14:23:24.400, 984650236208, vstest.console.dll, SocketServer.Stop: Cancellation requested. Stopping message loop.
TpTrace Information: 0 : 18428, 1, 2024/04/02, 14:23:24.400, 984650237486, vstest.console.dll, TestRunRequest.Dispose: Completed.
TpTrace Verbose: 0 : 18428, 12, 2024/04/02, 14:23:24.400, 984650238779, vstest.console.dll, MulticastDelegateUtilities.SafeInvoke: LengthPrefixCommunicationChannel: MessageReceived: Invoking callback 1/1 for Microsoft.VisualStudio.TestPlatform.CommunicationUtilities.TestRequestSender+<>c__DisplayClass34_0., took 198 ms.
TpTrace Information: 0 : 18428, 1, 2024/04/02, 14:23:24.400, 984650239929, vstest.console.dll, TestRequestManager.RunTests: run tests completed.
TpTrace Information: 0 : 18428, 12, 2024/04/02, 14:23:24.401, 984650241112, vstest.console.dll, SocketServer.PrivateStop: Stopping server endPoint: 127.0.0.1:52763 error: 
TpTrace Information: 0 : 18428, 1, 2024/04/02, 14:23:24.401, 984650243643, vstest.console.dll, RunTestsArgumentProcessor:Execute: Test run is completed.
TpTrace Verbose: 0 : 18428, 1, 2024/04/02, 14:23:24.401, 984650246734, vstest.console.dll, Executor.Execute: Exiting with exit code of 0
TpTrace Verbose: 0 : 18428, 12, 2024/04/02, 14:23:24.401, 984650249807, vstest.console.dll, LengthPrefixCommunicationChannel.Dispose: Dispose reader and writer.
TpTrace Information: 0 : 18428, 12, 2024/04/02, 14:23:24.402, 984650251193, vstest.console.dll, SocketServer.Stop: Raise disconnected event endPoint: 127.0.0.1:52763 error: 
TpTrace Verbose: 0 : 18428, 12, 2024/04/02, 14:23:24.402, 984650252930, vstest.console.dll, TestRequestSender: OnTestRunAbort: Operation is already complete. Skip error message.
TpTrace Verbose: 0 : 18428, 12, 2024/04/02, 14:23:24.402, 984650253748, vstest.console.dll, MulticastDelegateUtilities.SafeInvoke: SocketServer: ClientDisconnected: Invoking callback 1/1 for Microsoft.VisualStudio.TestPlatform.CommunicationUtilities.TestRequestSender., took 0 ms.
TpTrace Verbose: 0 : 18428, 12, 2024/04/02, 14:23:24.402, 984650254319, vstest.console.dll, TcpClientExtensions.MessageLoopAsync: exiting MessageLoopAsync remoteEndPoint: 127.0.0.1:52768 localEndPoint: 127.0.0.1:52763
